#
# There is insufficient memory for the Java Runtime Environment to continue.
# Native memory allocation (malloc) failed to allocate 1534416 bytes. Error detail: Chunk::new
# Possible reasons:
#   The system is out of physical RAM or swap space
#   This process is running with CompressedOops enabled, and the Java Heap may be blocking the growth of the native heap
# Possible solutions:
#   Reduce memory load on the system
#   Increase physical memory or swap space
#   Check if swap backing store is full
#   Decrease Java heap size (-Xmx/-Xms)
#   Decrease number of Java threads
#   Decrease Java thread stack sizes (-Xss)
#   Set larger code cache with -XX:ReservedCodeCacheSize=
#   JVM is running with Unscaled Compressed Oops mode in which the Java heap is
#     placed in the first 4GB address space. The Java Heap base address is the
#     maximum limit for the native heap growth. Please use -XX:HeapBaseMinAddress
#     to set the Java Heap base and to place the Java Heap above 4GB virtual address.
# This output file may be truncated or incomplete.
#
#  Out of Memory Error (arena.cpp:191), pid=8152, tid=2224
#
# JRE version: OpenJDK Runtime Environment (17.0.11) (build 17.0.11+0--11852314)
# Java VM: OpenJDK 64-Bit Server VM (17.0.11+0--11852314, mixed mode, tiered, compressed oops, compressed class ptrs, g1 gc, windows-amd64)
# No core dump will be written. Minidumps are not enabled by default on client versions of Windows
#

---------------  S U M M A R Y ------------

Command Line: --add-opens=java.base/java.util=ALL-UNNAMED --add-opens=java.base/java.lang=ALL-UNNAMED --add-opens=java.base/java.lang.invoke=ALL-UNNAMED --add-opens=java.prefs/java.util.prefs=ALL-UNNAMED --add-opens=java.base/java.nio.charset=ALL-UNNAMED --add-opens=java.base/java.net=ALL-UNNAMED --add-opens=java.base/java.util.concurrent.atomic=ALL-UNNAMED -Xmx2048m -Dfile.encoding=UTF-8 -Duser.country=CA -Duser.language=en -Duser.variant -javaagent:C:\Users\MasaG\.gradle\wrapper\dists\gradle-8.7-bin\bhs2wmbdwecv87pi65oeuq5iu\gradle-8.7\lib\agents\gradle-instrumentation-agent-8.7.jar org.gradle.launcher.daemon.bootstrap.GradleDaemon 8.7

Host: 11th Gen Intel(R) Core(TM) i5-1135G7 @ 2.40GHz, 8 cores, 7G,  Windows 11 , 64 bit Build 22621 (10.0.22621.4391)
Time: Thu Dec  5 12:54:34 2024 Pacific Standard Time elapsed time: 24.625845 seconds (0d 0h 0m 24s)

---------------  T H R E A D  ---------------

Current thread (0x0000019c04075580):  JavaThread "C2 CompilerThread0" daemon [_thread_in_native, id=2224, stack(0x0000002a33c00000,0x0000002a33d00000)]


Current CompileTask:
C2:  24626 8240       4       com.google.common.collect.ImmutableSet$RegularSetBuilderImpl::add (68 bytes)

Stack: [0x0000002a33c00000,0x0000002a33d00000]
Native frames: (J=compiled Java code, j=interpreted, Vv=VM code, C=native code)
V  [jvm.dll+0x687bb9]
V  [jvm.dll+0x84142a]
V  [jvm.dll+0x8430ae]
V  [jvm.dll+0x843713]
V  [jvm.dll+0x24a35f]
V  [jvm.dll+0xac544]
V  [jvm.dll+0xacb8c]
V  [jvm.dll+0x369be2]
V  [jvm.dll+0x33416a]
V  [jvm.dll+0x33360a]
V  [jvm.dll+0x21bed1]
V  [jvm.dll+0x21b311]
V  [jvm.dll+0x1a63ed]
V  [jvm.dll+0x22b1ee]
V  [jvm.dll+0x229375]
V  [jvm.dll+0x7f5647]
V  [jvm.dll+0x7efa4a]
V  [jvm.dll+0x686a35]
C  [ucrtbase.dll+0x29333]
C  [KERNEL32.DLL+0x1259d]
C  [ntdll.dll+0x5af38]


---------------  P R O C E S S  ---------------

Threads class SMR info:
_java_thread_list=0x0000019c07559cc0, length=49, elements={
0x0000019c65fdbec0, 0x0000019c0402b8c0, 0x0000019c0402c290, 0x0000019c04034cb0,
0x0000019c0406f3f0, 0x0000019c04073ed0, 0x0000019c04074890, 0x0000019c04075580,
0x0000019c04076c40, 0x0000019c040e9a80, 0x0000019c7fbf41d0, 0x0000019c04310850,
0x0000019c06251970, 0x0000019c061cf6e0, 0x0000019c059e9ee0, 0x0000019c05efda80,
0x0000019c05efdf60, 0x0000019c05fefc10, 0x0000019c05fee7d0, 0x0000019c05ff1560,
0x0000019c05ff0120, 0x0000019c05ff1a70, 0x0000019c05ff0b40, 0x0000019c05fee2c0,
0x0000019c05ff1050, 0x0000019c05feece0, 0x0000019c05fef1f0, 0x0000019c05fef700,
0x0000019c06949b20, 0x0000019c06945e60, 0x0000019c06948bf0, 0x0000019c0694a030,
0x0000019c06944510, 0x0000019c06946370, 0x0000019c06946880, 0x0000019c069486e0,
0x0000019c0694a540, 0x0000019c06949100, 0x0000019c069477b0, 0x0000019c06946d90,
0x0000019c06944000, 0x0000019c06947cc0, 0x0000019c06944a20, 0x0000019c06949610,
0x0000019c069430d0, 0x0000019c069481d0, 0x0000019c069435e0, 0x0000019c06945440,
0x0000019c0579bf50
}

Java Threads: ( => current thread )
  0x0000019c65fdbec0 JavaThread "main" [_thread_blocked, id=23068, stack(0x0000002a32f00000,0x0000002a33000000)]
  0x0000019c0402b8c0 JavaThread "Reference Handler" daemon [_thread_blocked, id=30112, stack(0x0000002a33600000,0x0000002a33700000)]
  0x0000019c0402c290 JavaThread "Finalizer" daemon [_thread_blocked, id=10364, stack(0x0000002a33700000,0x0000002a33800000)]
  0x0000019c04034cb0 JavaThread "Signal Dispatcher" daemon [_thread_blocked, id=7588, stack(0x0000002a33800000,0x0000002a33900000)]
  0x0000019c0406f3f0 JavaThread "Attach Listener" daemon [_thread_blocked, id=9256, stack(0x0000002a33900000,0x0000002a33a00000)]
  0x0000019c04073ed0 JavaThread "Service Thread" daemon [_thread_blocked, id=23956, stack(0x0000002a33a00000,0x0000002a33b00000)]
  0x0000019c04074890 JavaThread "Monitor Deflation Thread" daemon [_thread_blocked, id=30216, stack(0x0000002a33b00000,0x0000002a33c00000)]
=>0x0000019c04075580 JavaThread "C2 CompilerThread0" daemon [_thread_in_native, id=2224, stack(0x0000002a33c00000,0x0000002a33d00000)]
  0x0000019c04076c40 JavaThread "C1 CompilerThread0" daemon [_thread_blocked, id=21576, stack(0x0000002a33d00000,0x0000002a33e00000)]
  0x0000019c040e9a80 JavaThread "Sweeper thread" daemon [_thread_blocked, id=17344, stack(0x0000002a33e00000,0x0000002a33f00000)]
  0x0000019c7fbf41d0 JavaThread "Common-Cleaner" daemon [_thread_blocked, id=13588, stack(0x0000002a33f00000,0x0000002a34000000)]
  0x0000019c04310850 JavaThread "Notification Thread" daemon [_thread_blocked, id=4972, stack(0x0000002a34000000,0x0000002a34100000)]
  0x0000019c06251970 JavaThread "Daemon health stats" [_thread_blocked, id=30276, stack(0x0000002a34600000,0x0000002a34700000)]
  0x0000019c061cf6e0 JavaThread "Incoming local TCP Connector on port 54403" [_thread_in_native, id=25944, stack(0x0000002a34700000,0x0000002a34800000)]
  0x0000019c059e9ee0 JavaThread "Daemon periodic checks" [_thread_blocked, id=6192, stack(0x0000002a34800000,0x0000002a34900000)]
  0x0000019c05efda80 JavaThread "Daemon" [_thread_blocked, id=17032, stack(0x0000002a34900000,0x0000002a34a00000)]
  0x0000019c05efdf60 JavaThread "Handler for socket connection from /127.0.0.1:54403 to /127.0.0.1:54404" [_thread_in_native, id=7044, stack(0x0000002a34a00000,0x0000002a34b00000)]
  0x0000019c05fefc10 JavaThread "Cancel handler" [_thread_blocked, id=29720, stack(0x0000002a34b00000,0x0000002a34c00000)]
  0x0000019c05fee7d0 JavaThread "Daemon worker" [_thread_in_vm, id=5056, stack(0x0000002a34c00000,0x0000002a34d00000)]
  0x0000019c05ff1560 JavaThread "Asynchronous log dispatcher for DefaultDaemonConnection: socket connection from /127.0.0.1:54403 to /127.0.0.1:54404" [_thread_blocked, id=11852, stack(0x0000002a34d00000,0x0000002a34e00000)]
  0x0000019c05ff0120 JavaThread "Stdin handler" [_thread_blocked, id=13376, stack(0x0000002a34e00000,0x0000002a34f00000)]
  0x0000019c05ff1a70 JavaThread "Daemon client event forwarder" [_thread_blocked, id=26700, stack(0x0000002a34f00000,0x0000002a35000000)]
  0x0000019c05ff0b40 JavaThread "Cache worker for journal cache (C:\Users\MasaG\.gradle\caches\journal-1)" [_thread_blocked, id=11240, stack(0x0000002a35400000,0x0000002a35500000)]
  0x0000019c05fee2c0 JavaThread "File lock request listener" [_thread_in_native, id=21460, stack(0x0000002a35500000,0x0000002a35600000)]
  0x0000019c05ff1050 JavaThread "Cache worker for file hash cache (C:\Users\MasaG\.gradle\caches\8.7\fileHashes)" [_thread_blocked, id=14984, stack(0x0000002a35600000,0x0000002a35700000)]
  0x0000019c05feece0 JavaThread "Cache worker for file hash cache (C:\Users\MasaG\AndroidStudioProjects\Step4\.gradle\8.7\fileHashes)" [_thread_blocked, id=10220, stack(0x0000002a35700000,0x0000002a35800000)]
  0x0000019c05fef1f0 JavaThread "File watcher server" daemon [_thread_in_native, id=15564, stack(0x0000002a35800000,0x0000002a35900000)]
  0x0000019c05fef700 JavaThread "File watcher consumer" daemon [_thread_blocked, id=5140, stack(0x0000002a35900000,0x0000002a35a00000)]
  0x0000019c06949b20 JavaThread "Cache worker for checksums cache (C:\Users\MasaG\AndroidStudioProjects\Step4\.gradle\8.7\checksums)" [_thread_blocked, id=5128, stack(0x0000002a35a00000,0x0000002a35b00000)]
  0x0000019c06945e60 JavaThread "Cache worker for cache directory md-supplier (C:\Users\MasaG\.gradle\caches\8.7\md-supplier)" [_thread_blocked, id=8652, stack(0x0000002a35b00000,0x0000002a35c00000)]
  0x0000019c06948bf0 JavaThread "Cache worker for cache directory md-rule (C:\Users\MasaG\.gradle\caches\8.7\md-rule)" [_thread_blocked, id=30980, stack(0x0000002a35c00000,0x0000002a35d00000)]
  0x0000019c0694a030 JavaThread "Cache worker for file content cache (C:\Users\MasaG\.gradle\caches\8.7\fileContent)" [_thread_blocked, id=23480, stack(0x0000002a35d00000,0x0000002a35e00000)]
  0x0000019c06944510 JavaThread "Cache worker for Build Output Cleanup Cache (C:\Users\MasaG\AndroidStudioProjects\Step4\.gradle\buildOutputCleanup)" [_thread_blocked, id=3868, stack(0x0000002a35f00000,0x0000002a36000000)]
  0x0000019c06946370 JavaThread "Unconstrained build operations" [_thread_blocked, id=5452, stack(0x0000002a36000000,0x0000002a36100000)]
  0x0000019c06946880 JavaThread "Unconstrained build operations Thread 2" [_thread_blocked, id=16900, stack(0x0000002a36100000,0x0000002a36200000)]
  0x0000019c069486e0 JavaThread "Unconstrained build operations Thread 3" [_thread_blocked, id=20424, stack(0x0000002a36200000,0x0000002a36300000)]
  0x0000019c0694a540 JavaThread "Unconstrained build operations Thread 4" [_thread_blocked, id=23452, stack(0x0000002a36300000,0x0000002a36400000)]
  0x0000019c06949100 JavaThread "Unconstrained build operations Thread 5" [_thread_blocked, id=2464, stack(0x0000002a36400000,0x0000002a36500000)]
  0x0000019c069477b0 JavaThread "Unconstrained build operations Thread 6" [_thread_blocked, id=18864, stack(0x0000002a36500000,0x0000002a36600000)]
  0x0000019c06946d90 JavaThread "Unconstrained build operations Thread 7" [_thread_blocked, id=17056, stack(0x0000002a36600000,0x0000002a36700000)]
  0x0000019c06944000 JavaThread "Unconstrained build operations Thread 8" [_thread_blocked, id=30676, stack(0x0000002a36700000,0x0000002a36800000)]
  0x0000019c06947cc0 JavaThread "Unconstrained build operations Thread 9" [_thread_blocked, id=30600, stack(0x0000002a36800000,0x0000002a36900000)]
  0x0000019c06944a20 JavaThread "Unconstrained build operations Thread 10" [_thread_blocked, id=22888, stack(0x0000002a36900000,0x0000002a36a00000)]
  0x0000019c06949610 JavaThread "Unconstrained build operations Thread 11" [_thread_blocked, id=17028, stack(0x0000002a36a00000,0x0000002a36b00000)]
  0x0000019c069430d0 JavaThread "Unconstrained build operations Thread 12" [_thread_blocked, id=22416, stack(0x0000002a36b00000,0x0000002a36c00000)]
  0x0000019c069481d0 JavaThread "Unconstrained build operations Thread 13" [_thread_blocked, id=29912, stack(0x0000002a36c00000,0x0000002a36d00000)]
  0x0000019c069435e0 JavaThread "Unconstrained build operations Thread 14" [_thread_blocked, id=17644, stack(0x0000002a36d00000,0x0000002a36e00000)]
  0x0000019c06945440 JavaThread "build event listener" [_thread_blocked, id=23312, stack(0x0000002a36e00000,0x0000002a36f00000)]
  0x0000019c0579bf50 JavaThread "Memory manager" [_thread_blocked, id=24136, stack(0x0000002a36f00000,0x0000002a37000000)]

Other Threads:
  0x0000019c7fc3ea20 VMThread "VM Thread" [stack: 0x0000002a33500000,0x0000002a33600000] [id=14796]
  0x0000019c65fdcd40 WatcherThread [stack: 0x0000002a34100000,0x0000002a34200000] [id=14848]
  0x0000019c66036ad0 GCTaskThread "GC Thread#0" [stack: 0x0000002a33000000,0x0000002a33100000] [id=7260]
  0x0000019c04a374a0 GCTaskThread "GC Thread#1" [stack: 0x0000002a34200000,0x0000002a34300000] [id=8980]
  0x0000019c04a36a90 GCTaskThread "GC Thread#2" [stack: 0x0000002a34300000,0x0000002a34400000] [id=10596]
  0x0000019c05002730 GCTaskThread "GC Thread#3" [stack: 0x0000002a34400000,0x0000002a34500000] [id=9308]
  0x0000019c04d93f20 GCTaskThread "GC Thread#4" [stack: 0x0000002a34500000,0x0000002a34600000] [id=27176]
  0x0000019c051e3d70 GCTaskThread "GC Thread#5" [stack: 0x0000002a35000000,0x0000002a35100000] [id=9928]
  0x0000019c05ff5bf0 GCTaskThread "GC Thread#6" [stack: 0x0000002a35100000,0x0000002a35200000] [id=25236]
  0x0000019c064fb8e0 GCTaskThread "GC Thread#7" [stack: 0x0000002a35200000,0x0000002a35300000] [id=15080]
  0x0000019c66047a20 ConcurrentGCThread "G1 Main Marker" [stack: 0x0000002a33100000,0x0000002a33200000] [id=14384]
  0x0000019c66048440 ConcurrentGCThread "G1 Conc#0" [stack: 0x0000002a33200000,0x0000002a33300000] [id=24132]
  0x0000019c0627a150 ConcurrentGCThread "G1 Conc#1" [stack: 0x0000002a35300000,0x0000002a35400000] [id=27200]
  0x0000019c6608e7d0 ConcurrentGCThread "G1 Refine#0" [stack: 0x0000002a33300000,0x0000002a33400000] [id=29044]
  0x0000019c07630cd0 ConcurrentGCThread "G1 Refine#1" [stack: 0x0000002a35e00000,0x0000002a35f00000] [id=5304]
  0x0000019c7fab9f00 ConcurrentGCThread "G1 Service" [stack: 0x0000002a33400000,0x0000002a33500000] [id=28876]

Threads with active compile tasks:
C2 CompilerThread0    24731 8240       4       com.google.common.collect.ImmutableSet$RegularSetBuilderImpl::add (68 bytes)

VM state: not at safepoint (normal execution)

VM Mutex/Monitor currently owned by a thread:  ([mutex/lock_event])
[0x0000019c65fd7ec0] Metaspace_lock - owner thread: 0x0000019c05fee7d0

Heap address: 0x0000000080000000, size: 2048 MB, Compressed Oops mode: 32-bit

CDS archive(s) not mapped
Compressed class space mapped at: 0x0000000100000000-0x0000000140000000, reserved size: 1073741824
Narrow klass base: 0x0000000000000000, Narrow klass shift: 3, Narrow klass range: 0x140000000

GC Precious Log:
 CPUs: 8 total, 8 available
 Memory: 8026M
 Large Page Support: Disabled
 NUMA Support: Disabled
 Compressed Oops: Enabled (32-bit)
 Heap Region Size: 1M
 Heap Min Capacity: 8M
 Heap Initial Capacity: 126M
 Heap Max Capacity: 2G
 Pre-touch: Disabled
 Parallel Workers: 8
 Concurrent Workers: 2
 Concurrent Refinement Workers: 8
 Periodic GC: Disabled

Heap:
 garbage-first heap   total 140288K, used 89295K [0x0000000080000000, 0x0000000100000000)
  region size 1024K, 23 young (23552K), 2 survivors (2048K)
 Metaspace       used 81084K, committed 81728K, reserved 1179648K
  class space    used 11230K, committed 11520K, reserved 1048576K

Heap Regions: E=young(eden), S=young(survivor), O=old, HS=humongous(starts), HC=humongous(continues), CS=collection set, F=free, OA=open archive, CA=closed archive, TAMS=top-at-mark-start (previous, next)
|   0|0x0000000080000000, 0x0000000080100000, 0x0000000080100000|100%|HS|  |TAMS 0x0000000080100000, 0x0000000080000000| Complete 
|   1|0x0000000080100000, 0x0000000080200000, 0x0000000080200000|100%|HC|  |TAMS 0x0000000080200000, 0x0000000080100000| Complete 
|   2|0x0000000080200000, 0x0000000080300000, 0x0000000080300000|100%|HC|  |TAMS 0x0000000080300000, 0x0000000080200000| Complete 
|   3|0x0000000080300000, 0x0000000080400000, 0x0000000080400000|100%|HC|  |TAMS 0x0000000080400000, 0x0000000080300000| Complete 
|   4|0x0000000080400000, 0x0000000080500000, 0x0000000080500000|100%| O|  |TAMS 0x0000000080400000, 0x0000000080400000| Untracked 
|   5|0x0000000080500000, 0x0000000080600000, 0x0000000080600000|100%| O|  |TAMS 0x0000000080600000, 0x0000000080500000| Untracked 
|   6|0x0000000080600000, 0x0000000080700000, 0x0000000080700000|100%| O|  |TAMS 0x0000000080700000, 0x0000000080600000| Untracked 
|   7|0x0000000080700000, 0x0000000080800000, 0x0000000080800000|100%| O|  |TAMS 0x0000000080800000, 0x0000000080700000| Untracked 
|   8|0x0000000080800000, 0x0000000080900000, 0x0000000080900000|100%| O|  |TAMS 0x0000000080900000, 0x0000000080800000| Untracked 
|   9|0x0000000080900000, 0x0000000080a00000, 0x0000000080a00000|100%| O|  |TAMS 0x0000000080a00000, 0x0000000080900000| Untracked 
|  10|0x0000000080a00000, 0x0000000080a00000, 0x0000000080b00000|  0%| F|  |TAMS 0x0000000080a00000, 0x0000000080a00000| Untracked 
|  11|0x0000000080b00000, 0x0000000080c00000, 0x0000000080c00000|100%| O|  |TAMS 0x0000000080c00000, 0x0000000080b00000| Untracked 
|  12|0x0000000080c00000, 0x0000000080d00000, 0x0000000080d00000|100%| O|  |TAMS 0x0000000080d00000, 0x0000000080c00000| Untracked 
|  13|0x0000000080d00000, 0x0000000080e00000, 0x0000000080e00000|100%| O|  |TAMS 0x0000000080e00000, 0x0000000080d00000| Untracked 
|  14|0x0000000080e00000, 0x0000000080f00000, 0x0000000080f00000|100%| O|  |TAMS 0x0000000080f00000, 0x0000000080e00000| Untracked 
|  15|0x0000000080f00000, 0x0000000081000000, 0x0000000081000000|100%| O|  |TAMS 0x0000000081000000, 0x0000000080f00000| Untracked 
|  16|0x0000000081000000, 0x0000000081100000, 0x0000000081100000|100%| O|  |TAMS 0x0000000081100000, 0x0000000081000000| Untracked 
|  17|0x0000000081100000, 0x0000000081200000, 0x0000000081200000|100%| O|  |TAMS 0x0000000081200000, 0x0000000081100000| Untracked 
|  18|0x0000000081200000, 0x0000000081300000, 0x0000000081300000|100%| O|  |TAMS 0x0000000081300000, 0x0000000081200000| Untracked 
|  19|0x0000000081300000, 0x0000000081400000, 0x0000000081400000|100%| O|  |TAMS 0x0000000081400000, 0x0000000081300000| Untracked 
|  20|0x0000000081400000, 0x0000000081500000, 0x0000000081500000|100%| O|  |TAMS 0x0000000081500000, 0x0000000081400000| Untracked 
|  21|0x0000000081500000, 0x0000000081600000, 0x0000000081600000|100%| O|  |TAMS 0x0000000081600000, 0x0000000081500000| Untracked 
|  22|0x0000000081600000, 0x0000000081700000, 0x0000000081700000|100%| O|  |TAMS 0x0000000081700000, 0x0000000081600000| Untracked 
|  23|0x0000000081700000, 0x0000000081800000, 0x0000000081800000|100%| O|  |TAMS 0x0000000081800000, 0x0000000081700000| Untracked 
|  24|0x0000000081800000, 0x0000000081900000, 0x0000000081900000|100%| O|  |TAMS 0x0000000081900000, 0x0000000081800000| Untracked 
|  25|0x0000000081900000, 0x0000000081a00000, 0x0000000081a00000|100%| O|  |TAMS 0x0000000081a00000, 0x0000000081900000| Untracked 
|  26|0x0000000081a00000, 0x0000000081b00000, 0x0000000081b00000|100%| O|  |TAMS 0x0000000081b00000, 0x0000000081a00000| Untracked 
|  27|0x0000000081b00000, 0x0000000081c00000, 0x0000000081c00000|100%| O|  |TAMS 0x0000000081c00000, 0x0000000081b00000| Untracked 
|  28|0x0000000081c00000, 0x0000000081d00000, 0x0000000081d00000|100%| O|  |TAMS 0x0000000081d00000, 0x0000000081c00000| Untracked 
|  29|0x0000000081d00000, 0x0000000081e00000, 0x0000000081e00000|100%| O|  |TAMS 0x0000000081e00000, 0x0000000081d00000| Untracked 
|  30|0x0000000081e00000, 0x0000000081f00000, 0x0000000081f00000|100%| O|  |TAMS 0x0000000081f00000, 0x0000000081e00000| Untracked 
|  31|0x0000000081f00000, 0x0000000082000000, 0x0000000082000000|100%| O|  |TAMS 0x0000000082000000, 0x0000000081f00000| Untracked 
|  32|0x0000000082000000, 0x0000000082100000, 0x0000000082100000|100%| O|  |TAMS 0x0000000082100000, 0x0000000082000000| Untracked 
|  33|0x0000000082100000, 0x0000000082200000, 0x0000000082200000|100%|HS|  |TAMS 0x0000000082200000, 0x0000000082100000| Complete 
|  34|0x0000000082200000, 0x0000000082300000, 0x0000000082300000|100%| O|  |TAMS 0x0000000082300000, 0x0000000082200000| Untracked 
|  35|0x0000000082300000, 0x0000000082400000, 0x0000000082400000|100%| O|  |TAMS 0x0000000082400000, 0x0000000082300000| Untracked 
|  36|0x0000000082400000, 0x0000000082500000, 0x0000000082500000|100%| O|  |TAMS 0x0000000082500000, 0x0000000082400000| Untracked 
|  37|0x0000000082500000, 0x0000000082600000, 0x0000000082600000|100%| O|  |TAMS 0x0000000082600000, 0x0000000082500000| Untracked 
|  38|0x0000000082600000, 0x0000000082700000, 0x0000000082700000|100%| O|  |TAMS 0x0000000082700000, 0x0000000082600000| Untracked 
|  39|0x0000000082700000, 0x0000000082800000, 0x0000000082800000|100%| O|  |TAMS 0x0000000082800000, 0x0000000082700000| Untracked 
|  40|0x0000000082800000, 0x0000000082900000, 0x0000000082900000|100%| O|  |TAMS 0x0000000082900000, 0x0000000082800000| Untracked 
|  41|0x0000000082900000, 0x0000000082a00000, 0x0000000082a00000|100%| O|  |TAMS 0x0000000082a00000, 0x0000000082900000| Untracked 
|  42|0x0000000082a00000, 0x0000000082b00000, 0x0000000082b00000|100%|HS|  |TAMS 0x0000000082b00000, 0x0000000082a00000| Complete 
|  43|0x0000000082b00000, 0x0000000082c00000, 0x0000000082c00000|100%|HS|  |TAMS 0x0000000082c00000, 0x0000000082b00000| Complete 
|  44|0x0000000082c00000, 0x0000000082d00000, 0x0000000082d00000|100%|HS|  |TAMS 0x0000000082d00000, 0x0000000082c00000| Complete 
|  45|0x0000000082d00000, 0x0000000082e00000, 0x0000000082e00000|100%|HS|  |TAMS 0x0000000082e00000, 0x0000000082d00000| Complete 
|  46|0x0000000082e00000, 0x0000000082f00000, 0x0000000082f00000|100%| O|  |TAMS 0x0000000082f00000, 0x0000000082e00000| Untracked 
|  47|0x0000000082f00000, 0x0000000083000000, 0x0000000083000000|100%|HS|  |TAMS 0x0000000083000000, 0x0000000082f00000| Complete 
|  48|0x0000000083000000, 0x0000000083100000, 0x0000000083100000|100%| O|  |TAMS 0x0000000083100000, 0x0000000083000000| Untracked 
|  49|0x0000000083100000, 0x0000000083200000, 0x0000000083200000|100%| O|  |TAMS 0x0000000083200000, 0x0000000083100000| Untracked 
|  50|0x0000000083200000, 0x0000000083300000, 0x0000000083300000|100%| O|  |TAMS 0x0000000083300000, 0x0000000083200000| Untracked 
|  51|0x0000000083300000, 0x0000000083400000, 0x0000000083400000|100%| O|  |TAMS 0x0000000083400000, 0x0000000083300000| Untracked 
|  52|0x0000000083400000, 0x0000000083500000, 0x0000000083500000|100%| O|  |TAMS 0x0000000083500000, 0x0000000083400000| Untracked 
|  53|0x0000000083500000, 0x0000000083600000, 0x0000000083600000|100%| O|  |TAMS 0x0000000083600000, 0x0000000083500000| Untracked 
|  54|0x0000000083600000, 0x0000000083700000, 0x0000000083700000|100%| O|  |TAMS 0x000000008365dc00, 0x0000000083600000| Untracked 
|  55|0x0000000083700000, 0x0000000083800000, 0x0000000083800000|100%| O|  |TAMS 0x0000000083700000, 0x0000000083700000| Untracked 
|  56|0x0000000083800000, 0x0000000083900000, 0x0000000083900000|100%| O|  |TAMS 0x0000000083800000, 0x0000000083800000| Untracked 
|  57|0x0000000083900000, 0x0000000083a00000, 0x0000000083a00000|100%| O|  |TAMS 0x0000000083900000, 0x0000000083900000| Untracked 
|  58|0x0000000083a00000, 0x0000000083b00000, 0x0000000083b00000|100%|HS|  |TAMS 0x0000000083a00000, 0x0000000083a00000| Complete 
|  59|0x0000000083b00000, 0x0000000083c00000, 0x0000000083c00000|100%| O|  |TAMS 0x0000000083b00000, 0x0000000083b00000| Untracked 
|  60|0x0000000083c00000, 0x0000000083d00000, 0x0000000083d00000|100%| O|  |TAMS 0x0000000083c00000, 0x0000000083c00000| Untracked 
|  61|0x0000000083d00000, 0x0000000083e00000, 0x0000000083e00000|100%| O|  |TAMS 0x0000000083d00000, 0x0000000083d00000| Untracked 
|  62|0x0000000083e00000, 0x0000000083f00000, 0x0000000083f00000|100%| O|  |TAMS 0x0000000083e00000, 0x0000000083e00000| Untracked 
|  63|0x0000000083f00000, 0x0000000084000000, 0x0000000084000000|100%| O|  |TAMS 0x0000000083f00000, 0x0000000083f00000| Untracked 
|  64|0x0000000084000000, 0x0000000084100000, 0x0000000084100000|100%| O|  |TAMS 0x0000000084000000, 0x0000000084000000| Untracked 
|  65|0x0000000084100000, 0x0000000084200000, 0x0000000084200000|100%| O|  |TAMS 0x0000000084100000, 0x0000000084100000| Untracked 
|  66|0x0000000084200000, 0x00000000842a3000, 0x0000000084300000| 63%| O|  |TAMS 0x0000000084200000, 0x0000000084200000| Untracked 
|  67|0x0000000084300000, 0x0000000084300000, 0x0000000084400000|  0%| F|  |TAMS 0x0000000084300000, 0x0000000084300000| Untracked 
|  68|0x0000000084400000, 0x0000000084400000, 0x0000000084500000|  0%| F|  |TAMS 0x0000000084400000, 0x0000000084400000| Untracked 
|  69|0x0000000084500000, 0x0000000084500000, 0x0000000084600000|  0%| F|  |TAMS 0x0000000084500000, 0x0000000084500000| Untracked 
|  70|0x0000000084600000, 0x0000000084600000, 0x0000000084700000|  0%| F|  |TAMS 0x0000000084600000, 0x0000000084600000| Untracked 
|  71|0x0000000084700000, 0x0000000084700000, 0x0000000084800000|  0%| F|  |TAMS 0x0000000084700000, 0x0000000084700000| Untracked 
|  72|0x0000000084800000, 0x0000000084800000, 0x0000000084900000|  0%| F|  |TAMS 0x0000000084800000, 0x0000000084800000| Untracked 
|  73|0x0000000084900000, 0x0000000084900000, 0x0000000084a00000|  0%| F|  |TAMS 0x0000000084900000, 0x0000000084900000| Untracked 
|  74|0x0000000084a00000, 0x0000000084a00000, 0x0000000084b00000|  0%| F|  |TAMS 0x0000000084a00000, 0x0000000084a00000| Untracked 
|  75|0x0000000084b00000, 0x0000000084b00000, 0x0000000084c00000|  0%| F|  |TAMS 0x0000000084b00000, 0x0000000084b00000| Untracked 
|  76|0x0000000084c00000, 0x0000000084c00000, 0x0000000084d00000|  0%| F|  |TAMS 0x0000000084c00000, 0x0000000084c00000| Untracked 
|  77|0x0000000084d00000, 0x0000000084d00000, 0x0000000084e00000|  0%| F|  |TAMS 0x0000000084d00000, 0x0000000084d00000| Untracked 
|  78|0x0000000084e00000, 0x0000000084e00000, 0x0000000084f00000|  0%| F|  |TAMS 0x0000000084e00000, 0x0000000084e00000| Untracked 
|  79|0x0000000084f00000, 0x0000000084f00000, 0x0000000085000000|  0%| F|  |TAMS 0x0000000084f00000, 0x0000000084f00000| Untracked 
|  80|0x0000000085000000, 0x0000000085000000, 0x0000000085100000|  0%| F|  |TAMS 0x0000000085000000, 0x0000000085000000| Untracked 
|  81|0x0000000085100000, 0x0000000085100000, 0x0000000085200000|  0%| F|  |TAMS 0x0000000085100000, 0x0000000085100000| Untracked 
|  82|0x0000000085200000, 0x0000000085200000, 0x0000000085300000|  0%| F|  |TAMS 0x0000000085200000, 0x0000000085200000| Untracked 
|  83|0x0000000085300000, 0x0000000085300000, 0x0000000085400000|  0%| F|  |TAMS 0x0000000085300000, 0x0000000085300000| Untracked 
|  84|0x0000000085400000, 0x0000000085400000, 0x0000000085500000|  0%| F|  |TAMS 0x0000000085400000, 0x0000000085400000| Untracked 
|  85|0x0000000085500000, 0x0000000085500000, 0x0000000085600000|  0%| F|  |TAMS 0x0000000085500000, 0x0000000085500000| Untracked 
|  86|0x0000000085600000, 0x0000000085600000, 0x0000000085700000|  0%| F|  |TAMS 0x0000000085600000, 0x0000000085600000| Untracked 
|  87|0x0000000085700000, 0x0000000085700000, 0x0000000085800000|  0%| F|  |TAMS 0x0000000085700000, 0x0000000085700000| Untracked 
|  88|0x0000000085800000, 0x0000000085800000, 0x0000000085900000|  0%| F|  |TAMS 0x0000000085800000, 0x0000000085800000| Untracked 
|  89|0x0000000085900000, 0x0000000085900000, 0x0000000085a00000|  0%| F|  |TAMS 0x0000000085900000, 0x0000000085900000| Untracked 
|  90|0x0000000085a00000, 0x0000000085a00000, 0x0000000085b00000|  0%| F|  |TAMS 0x0000000085a00000, 0x0000000085a00000| Untracked 
|  91|0x0000000085b00000, 0x0000000085b00000, 0x0000000085c00000|  0%| F|  |TAMS 0x0000000085b00000, 0x0000000085b00000| Untracked 
|  92|0x0000000085c00000, 0x0000000085c00000, 0x0000000085d00000|  0%| F|  |TAMS 0x0000000085c00000, 0x0000000085c00000| Untracked 
|  93|0x0000000085d00000, 0x0000000085d90c68, 0x0000000085e00000| 56%| S|CS|TAMS 0x0000000085d00000, 0x0000000085d00000| Complete 
|  94|0x0000000085e00000, 0x0000000085f00000, 0x0000000085f00000|100%| S|CS|TAMS 0x0000000085e00000, 0x0000000085e00000| Complete 
|  95|0x0000000085f00000, 0x0000000085f00000, 0x0000000086000000|  0%| F|  |TAMS 0x0000000085f00000, 0x0000000085f00000| Untracked 
|  96|0x0000000086000000, 0x0000000086000000, 0x0000000086100000|  0%| F|  |TAMS 0x0000000086000000, 0x0000000086000000| Untracked 
|  97|0x0000000086100000, 0x0000000086100000, 0x0000000086200000|  0%| F|  |TAMS 0x0000000086100000, 0x0000000086100000| Untracked 
|  98|0x0000000086200000, 0x0000000086200000, 0x0000000086300000|  0%| F|  |TAMS 0x0000000086200000, 0x0000000086200000| Untracked 
|  99|0x0000000086300000, 0x0000000086300000, 0x0000000086400000|  0%| F|  |TAMS 0x0000000086300000, 0x0000000086300000| Untracked 
| 100|0x0000000086400000, 0x0000000086400000, 0x0000000086500000|  0%| F|  |TAMS 0x0000000086400000, 0x0000000086400000| Untracked 
| 101|0x0000000086500000, 0x0000000086500000, 0x0000000086600000|  0%| F|  |TAMS 0x0000000086500000, 0x0000000086500000| Untracked 
| 102|0x0000000086600000, 0x0000000086600000, 0x0000000086700000|  0%| F|  |TAMS 0x0000000086600000, 0x0000000086600000| Untracked 
| 103|0x0000000086700000, 0x0000000086700000, 0x0000000086800000|  0%| F|  |TAMS 0x0000000086700000, 0x0000000086700000| Untracked 
| 104|0x0000000086800000, 0x0000000086800000, 0x0000000086900000|  0%| F|  |TAMS 0x0000000086800000, 0x0000000086800000| Untracked 
| 105|0x0000000086900000, 0x0000000086900000, 0x0000000086a00000|  0%| F|  |TAMS 0x0000000086900000, 0x0000000086900000| Untracked 
| 106|0x0000000086a00000, 0x0000000086a00000, 0x0000000086b00000|  0%| F|  |TAMS 0x0000000086a00000, 0x0000000086a00000| Untracked 
| 107|0x0000000086b00000, 0x0000000086b00000, 0x0000000086c00000|  0%| F|  |TAMS 0x0000000086b00000, 0x0000000086b00000| Untracked 
| 108|0x0000000086c00000, 0x0000000086c00000, 0x0000000086d00000|  0%| F|  |TAMS 0x0000000086c00000, 0x0000000086c00000| Untracked 
| 109|0x0000000086d00000, 0x0000000086d00000, 0x0000000086e00000|  0%| F|  |TAMS 0x0000000086d00000, 0x0000000086d00000| Untracked 
| 110|0x0000000086e00000, 0x0000000086e00000, 0x0000000086f00000|  0%| F|  |TAMS 0x0000000086e00000, 0x0000000086e00000| Untracked 
| 111|0x0000000086f00000, 0x0000000086f00000, 0x0000000087000000|  0%| F|  |TAMS 0x0000000086f00000, 0x0000000086f00000| Untracked 
| 112|0x0000000087000000, 0x0000000087000000, 0x0000000087100000|  0%| F|  |TAMS 0x0000000087000000, 0x0000000087000000| Untracked 
| 113|0x0000000087100000, 0x0000000087100000, 0x0000000087200000|  0%| F|  |TAMS 0x0000000087100000, 0x0000000087100000| Untracked 
| 114|0x0000000087200000, 0x0000000087200000, 0x0000000087300000|  0%| F|  |TAMS 0x0000000087200000, 0x0000000087200000| Untracked 
| 115|0x0000000087300000, 0x0000000087300000, 0x0000000087400000|  0%| F|  |TAMS 0x0000000087300000, 0x0000000087300000| Untracked 
| 116|0x0000000087400000, 0x0000000087480800, 0x0000000087500000| 50%| E|  |TAMS 0x0000000087400000, 0x0000000087400000| Complete 
| 117|0x0000000087500000, 0x0000000087600000, 0x0000000087600000|100%| E|CS|TAMS 0x0000000087500000, 0x0000000087500000| Complete 
| 118|0x0000000087600000, 0x0000000087700000, 0x0000000087700000|100%| E|CS|TAMS 0x0000000087600000, 0x0000000087600000| Complete 
| 119|0x0000000087700000, 0x0000000087800000, 0x0000000087800000|100%| E|CS|TAMS 0x0000000087700000, 0x0000000087700000| Complete 
| 120|0x0000000087800000, 0x0000000087900000, 0x0000000087900000|100%| E|CS|TAMS 0x0000000087800000, 0x0000000087800000| Complete 
| 121|0x0000000087900000, 0x0000000087a00000, 0x0000000087a00000|100%| E|CS|TAMS 0x0000000087900000, 0x0000000087900000| Complete 
| 122|0x0000000087a00000, 0x0000000087b00000, 0x0000000087b00000|100%| E|CS|TAMS 0x0000000087a00000, 0x0000000087a00000| Complete 
| 123|0x0000000087b00000, 0x0000000087c00000, 0x0000000087c00000|100%| E|CS|TAMS 0x0000000087b00000, 0x0000000087b00000| Complete 
| 124|0x0000000087c00000, 0x0000000087d00000, 0x0000000087d00000|100%| E|CS|TAMS 0x0000000087c00000, 0x0000000087c00000| Complete 
| 125|0x0000000087d00000, 0x0000000087e00000, 0x0000000087e00000|100%| E|CS|TAMS 0x0000000087d00000, 0x0000000087d00000| Complete 
| 126|0x0000000087e00000, 0x0000000087f00000, 0x0000000087f00000|100%| E|CS|TAMS 0x0000000087e00000, 0x0000000087e00000| Complete 
| 127|0x0000000087f00000, 0x0000000088000000, 0x0000000088000000|100%| E|CS|TAMS 0x0000000087f00000, 0x0000000087f00000| Complete 
| 128|0x0000000088000000, 0x0000000088100000, 0x0000000088100000|100%| E|CS|TAMS 0x0000000088000000, 0x0000000088000000| Complete 
| 129|0x0000000088100000, 0x0000000088200000, 0x0000000088200000|100%| E|CS|TAMS 0x0000000088100000, 0x0000000088100000| Complete 
| 130|0x0000000088200000, 0x0000000088300000, 0x0000000088300000|100%| E|CS|TAMS 0x0000000088200000, 0x0000000088200000| Complete 
| 131|0x0000000088300000, 0x0000000088400000, 0x0000000088400000|100%| E|CS|TAMS 0x0000000088300000, 0x0000000088300000| Complete 
| 132|0x0000000088400000, 0x0000000088500000, 0x0000000088500000|100%| E|CS|TAMS 0x0000000088400000, 0x0000000088400000| Complete 
| 133|0x0000000088500000, 0x0000000088600000, 0x0000000088600000|100%| E|CS|TAMS 0x0000000088500000, 0x0000000088500000| Complete 
| 134|0x0000000088600000, 0x0000000088700000, 0x0000000088700000|100%| E|CS|TAMS 0x0000000088600000, 0x0000000088600000| Complete 
| 135|0x0000000088700000, 0x0000000088800000, 0x0000000088800000|100%| E|CS|TAMS 0x0000000088700000, 0x0000000088700000| Complete 
| 136|0x0000000088800000, 0x0000000088900000, 0x0000000088900000|100%| E|CS|TAMS 0x0000000088800000, 0x0000000088800000| Complete 

Card table byte_map: [0x0000019c78be0000,0x0000019c78fe0000] _byte_map_base: 0x0000019c787e0000

Marking Bits (Prev, Next): (CMBitMap*) 0x0000019c660370f0, (CMBitMap*) 0x0000019c66037130
 Prev Bits: [0x0000019c793e0000, 0x0000019c7b3e0000)
 Next Bits: [0x0000019c7b3e0000, 0x0000019c7d3e0000)

Polling page: 0x0000019c63fc0000

Metaspace:

Usage:
  Non-class:     68.22 MB used.
      Class:     10.97 MB used.
       Both:     79.18 MB used.

Virtual space:
  Non-class space:      128.00 MB reserved,      68.56 MB ( 54%) committed,  2 nodes.
      Class space:        1.00 GB reserved,      11.25 MB (  1%) committed,  1 nodes.
             Both:        1.12 GB reserved,      79.81 MB (  7%) committed. 

Chunk freelists:
   Non-Class:  10.89 MB
       Class:  4.67 MB
        Both:  15.56 MB

MaxMetaspaceSize: unlimited
CompressedClassSpaceSize: 1.00 GB
Initial GC threshold: 21.00 MB
Current GC threshold: 109.06 MB
CDS: off
MetaspaceReclaimPolicy: balanced
 - commit_granule_bytes: 65536.
 - commit_granule_words: 8192.
 - virtual_space_node_default_size: 8388608.
 - enlarge_chunks_in_place: 1.
 - new_chunks_are_fully_committed: 0.
 - uncommit_free_chunks: 1.
 - use_allocation_guard: 0.
 - handle_deallocations: 1.


Internal statistics:

num_allocs_failed_limit: 6.
num_arena_births: 812.
num_arena_deaths: 0.
num_vsnodes_births: 3.
num_vsnodes_deaths: 0.
num_space_committed: 1277.
num_space_uncommitted: 0.
num_chunks_returned_to_freelist: 6.
num_chunks_taken_from_freelist: 3719.
num_chunk_merges: 6.
num_chunk_splits: 2505.
num_chunks_enlarged: 1740.
num_inconsistent_stats: 0.

CodeHeap 'non-profiled nmethods': size=120000Kb used=3966Kb max_used=3966Kb free=116033Kb
 bounds [0x0000019c70f80000, 0x0000019c71360000, 0x0000019c784b0000]
CodeHeap 'profiled nmethods': size=120000Kb used=14190Kb max_used=14190Kb free=105809Kb
 bounds [0x0000019c694b0000, 0x0000019c6a290000, 0x0000019c709e0000]
CodeHeap 'non-nmethods': size=5760Kb used=1688Kb max_used=1740Kb free=4071Kb
 bounds [0x0000019c709e0000, 0x0000019c70c50000, 0x0000019c70f80000]
 total_blobs=8184 nmethods=7423 adapters=672
 compilation: enabled
              stopped_count=0, restarted_count=0
 full_count=0

Compilation events (20 events):
Event: 24.618 Thread 0x0000019c04076c40 nmethod 8252 0x0000019c6a279790 code [0x0000019c6a279980, 0x0000019c6a279e78]
Event: 24.618 Thread 0x0000019c04076c40 8253       3       org.gradle.tooling.internal.provider.runner.TaskOriginTracker$$Lambda$812/0x0000000100747cd0::apply (16 bytes)
Event: 24.618 Thread 0x0000019c04076c40 nmethod 8253 0x0000019c6a27a010 code [0x0000019c6a27a1e0, 0x0000019c6a27a568]
Event: 24.618 Thread 0x0000019c04076c40 8254       3       org.gradle.tooling.internal.provider.runner.TaskOriginTracker::lambda$storeOrigin$0 (25 bytes)
Event: 24.619 Thread 0x0000019c04076c40 nmethod 8254 0x0000019c6a27a710 code [0x0000019c6a27a980, 0x0000019c6a27b4e8]
Event: 24.619 Thread 0x0000019c04076c40 8255       1       org.gradle.api.internal.artifacts.configurations.DefaultConfiguration::getIncoming (5 bytes)
Event: 24.619 Thread 0x0000019c04076c40 nmethod 8255 0x0000019c7135cf90 code [0x0000019c7135d120, 0x0000019c7135d1f8]
Event: 24.619 Thread 0x0000019c04076c40 8256       3       org.gradle.api.internal.DefaultNamedDomainObjectCollection$AbstractDomainObjectCreatingProvider::configure (91 bytes)
Event: 24.619 Thread 0x0000019c04076c40 nmethod 8256 0x0000019c6a27b910 code [0x0000019c6a27bb80, 0x0000019c6a27c708]
Event: 24.619 Thread 0x0000019c04076c40 8257       1       org.gradle.internal.ImmutableActionSet$EmptySet::isEmpty (2 bytes)
Event: 24.619 Thread 0x0000019c04076c40 nmethod 8257 0x0000019c7135d290 code [0x0000019c7135d420, 0x0000019c7135d4f8]
Event: 24.619 Thread 0x0000019c04076c40 8258       1       com.android.build.api.component.impl.ComponentImpl::getArtifacts (5 bytes)
Event: 24.619 Thread 0x0000019c04076c40 nmethod 8258 0x0000019c7135d590 code [0x0000019c7135d720, 0x0000019c7135d7f8]
Event: 24.619 Thread 0x0000019c04076c40 8259       1       com.android.build.api.artifact.Artifact::getKind (5 bytes)
Event: 24.619 Thread 0x0000019c04076c40 nmethod 8259 0x0000019c7135d890 code [0x0000019c7135da20, 0x0000019c7135daf8]
Event: 24.620 Thread 0x0000019c04076c40 8260       1       org.gradle.api.internal.provider.ValueSupplier$Present::isMissing (2 bytes)
Event: 24.620 Thread 0x0000019c04076c40 nmethod 8260 0x0000019c7135db90 code [0x0000019c7135dd20, 0x0000019c7135ddf8]
Event: 24.620 Thread 0x0000019c04076c40 8261       3       org.gradle.internal.ImmutableActionSet::access$400 (6 bytes)
Event: 24.622 Thread 0x0000019c04076c40 nmethod 8261 0x0000019c6a27ca90 code [0x0000019c6a27cd20, 0x0000019c6a27da48]
Event: 24.622 Thread 0x0000019c04076c40 8262       3       org.gradle.internal.ImmutableActionSet::plus (25 bytes)

GC Heap History (20 events):
Event: 16.835 GC heap before
{Heap before GC invocations=23 (full 0):
 garbage-first heap   total 96256K, used 57634K [0x0000000080000000, 0x0000000100000000)
  region size 1024K, 4 young (4096K), 1 survivors (1024K)
 Metaspace       used 59760K, committed 60288K, reserved 1114112K
  class space    used 8207K, committed 8448K, reserved 1048576K
}
Event: 16.838 GC heap after
{Heap after GC invocations=24 (full 0):
 garbage-first heap   total 96256K, used 54218K [0x0000000080000000, 0x0000000100000000)
  region size 1024K, 1 young (1024K), 1 survivors (1024K)
 Metaspace       used 59760K, committed 60288K, reserved 1114112K
  class space    used 8207K, committed 8448K, reserved 1048576K
}
Event: 17.148 GC heap before
{Heap before GC invocations=24 (full 0):
 garbage-first heap   total 96256K, used 72650K [0x0000000080000000, 0x0000000100000000)
  region size 1024K, 19 young (19456K), 1 survivors (1024K)
 Metaspace       used 61286K, committed 61824K, reserved 1114112K
  class space    used 8409K, committed 8640K, reserved 1048576K
}
Event: 17.150 GC heap after
{Heap after GC invocations=25 (full 0):
 garbage-first heap   total 96256K, used 54854K [0x0000000080000000, 0x0000000100000000)
  region size 1024K, 2 young (2048K), 2 survivors (2048K)
 Metaspace       used 61286K, committed 61824K, reserved 1114112K
  class space    used 8409K, committed 8640K, reserved 1048576K
}
Event: 17.439 GC heap before
{Heap before GC invocations=26 (full 0):
 garbage-first heap   total 99328K, used 74310K [0x0000000080000000, 0x0000000100000000)
  region size 1024K, 21 young (21504K), 2 survivors (2048K)
 Metaspace       used 63486K, committed 64128K, reserved 1114112K
  class space    used 8635K, committed 8960K, reserved 1048576K
}
Event: 17.441 GC heap after
{Heap after GC invocations=27 (full 0):
 garbage-first heap   total 99328K, used 55136K [0x0000000080000000, 0x0000000100000000)
  region size 1024K, 2 young (2048K), 2 survivors (2048K)
 Metaspace       used 63486K, committed 64128K, reserved 1114112K
  class space    used 8635K, committed 8960K, reserved 1048576K
}
Event: 17.472 GC heap before
{Heap before GC invocations=27 (full 0):
 garbage-first heap   total 99328K, used 57184K [0x0000000080000000, 0x0000000100000000)
  region size 1024K, 4 young (4096K), 2 survivors (2048K)
 Metaspace       used 63707K, committed 64320K, reserved 1114112K
  class space    used 8661K, committed 8960K, reserved 1048576K
}
Event: 17.474 GC heap after
{Heap after GC invocations=28 (full 0):
 garbage-first heap   total 99328K, used 54802K [0x0000000080000000, 0x0000000100000000)
  region size 1024K, 1 young (1024K), 1 survivors (1024K)
 Metaspace       used 63707K, committed 64320K, reserved 1114112K
  class space    used 8661K, committed 8960K, reserved 1048576K
}
Event: 17.794 GC heap before
{Heap before GC invocations=28 (full 0):
 garbage-first heap   total 99328K, used 77330K [0x0000000080000000, 0x0000000100000000)
  region size 1024K, 23 young (23552K), 1 survivors (1024K)
 Metaspace       used 65805K, committed 66368K, reserved 1114112K
  class space    used 9002K, committed 9280K, reserved 1048576K
}
Event: 17.796 GC heap after
{Heap after GC invocations=29 (full 0):
 garbage-first heap   total 140288K, used 55961K [0x0000000080000000, 0x0000000100000000)
  region size 1024K, 2 young (2048K), 2 survivors (2048K)
 Metaspace       used 65805K, committed 66368K, reserved 1114112K
  class space    used 9002K, committed 9280K, reserved 1048576K
}
Event: 18.507 GC heap before
{Heap before GC invocations=30 (full 0):
 garbage-first heap   total 140288K, used 109209K [0x0000000080000000, 0x0000000100000000)
  region size 1024K, 49 young (50176K), 2 survivors (2048K)
 Metaspace       used 69474K, committed 70080K, reserved 1114112K
  class space    used 9467K, committed 9728K, reserved 1048576K
}
Event: 18.511 GC heap after
{Heap after GC invocations=31 (full 0):
 garbage-first heap   total 140288K, used 61529K [0x0000000080000000, 0x0000000100000000)
  region size 1024K, 7 young (7168K), 7 survivors (7168K)
 Metaspace       used 69474K, committed 70080K, reserved 1114112K
  class space    used 9467K, committed 9728K, reserved 1048576K
}
Event: 18.525 GC heap before
{Heap before GC invocations=31 (full 0):
 garbage-first heap   total 140288K, used 62553K [0x0000000080000000, 0x0000000100000000)
  region size 1024K, 8 young (8192K), 7 survivors (7168K)
 Metaspace       used 69563K, committed 70144K, reserved 1114112K
  class space    used 9476K, committed 9728K, reserved 1048576K
}
Event: 18.529 GC heap after
{Heap after GC invocations=32 (full 0):
 garbage-first heap   total 140288K, used 62076K [0x0000000080000000, 0x0000000100000000)
  region size 1024K, 1 young (1024K), 1 survivors (1024K)
 Metaspace       used 69563K, committed 70144K, reserved 1114112K
  class space    used 9476K, committed 9728K, reserved 1048576K
}
Event: 19.649 GC heap before
{Heap before GC invocations=32 (full 0):
 garbage-first heap   total 140288K, used 107132K [0x0000000080000000, 0x0000000100000000)
  region size 1024K, 45 young (46080K), 1 survivors (1024K)
 Metaspace       used 73882K, committed 74432K, reserved 1114112K
  class space    used 10074K, committed 10304K, reserved 1048576K
}
Event: 19.652 GC heap after
{Heap after GC invocations=33 (full 0):
 garbage-first heap   total 140288K, used 63387K [0x0000000080000000, 0x0000000100000000)
  region size 1024K, 2 young (2048K), 2 survivors (2048K)
 Metaspace       used 73882K, committed 74432K, reserved 1114112K
  class space    used 10074K, committed 10304K, reserved 1048576K
}
Event: 23.339 GC heap before
{Heap before GC invocations=33 (full 0):
 garbage-first heap   total 140288K, used 109467K [0x0000000080000000, 0x0000000100000000)
  region size 1024K, 47 young (48128K), 2 survivors (2048K)
 Metaspace       used 76582K, committed 77248K, reserved 1179648K
  class space    used 10417K, committed 10752K, reserved 1048576K
}
Event: 23.344 GC heap after
{Heap after GC invocations=34 (full 0):
 garbage-first heap   total 140288K, used 67398K [0x0000000080000000, 0x0000000100000000)
  region size 1024K, 6 young (6144K), 6 survivors (6144K)
 Metaspace       used 76582K, committed 77248K, reserved 1179648K
  class space    used 10417K, committed 10752K, reserved 1048576K
}
Event: 24.279 GC heap before
{Heap before GC invocations=34 (full 0):
 garbage-first heap   total 140288K, used 110406K [0x0000000080000000, 0x0000000100000000)
  region size 1024K, 48 young (49152K), 6 survivors (6144K)
 Metaspace       used 79570K, committed 80128K, reserved 1179648K
  class space    used 10901K, committed 11200K, reserved 1048576K
}
Event: 24.286 GC heap after
{Heap after GC invocations=35 (full 0):
 garbage-first heap   total 140288K, used 68815K [0x0000000080000000, 0x0000000100000000)
  region size 1024K, 2 young (2048K), 2 survivors (2048K)
 Metaspace       used 79570K, committed 80128K, reserved 1179648K
  class space    used 10901K, committed 11200K, reserved 1048576K
}

Dll operation events (3 events):
Event: 0.013 Loaded shared library C:\Program Files\Android\Android Studio\jbr\bin\java.dll
Event: 0.148 Loaded shared library C:\Program Files\Android\Android Studio\jbr\bin\zip.dll
Event: 0.431 Loaded shared library C:\Program Files\Android\Android Studio\jbr\bin\verify.dll

Deoptimization events (20 events):
Event: 23.805 Thread 0x0000019c05fee7d0 Uncommon trap: trap_request=0xffffff45 fr.pc=0x0000019c70ffca74 relative=0x0000000000000154
Event: 23.805 Thread 0x0000019c05fee7d0 Uncommon trap: reason=unstable_if action=reinterpret pc=0x0000019c70ffca74 method=java.lang.AbstractStringBuilder.putStringAt(ILjava/lang/String;II)V @ 8 c2
Event: 23.805 Thread 0x0000019c05fee7d0 DEOPT PACKING pc=0x0000019c70ffca74 sp=0x0000002a34cf75c0
Event: 23.805 Thread 0x0000019c05fee7d0 DEOPT UNPACKING pc=0x0000019c70a3a1a3 sp=0x0000002a34cf7508 mode 2
Event: 23.805 Thread 0x0000019c05fee7d0 Uncommon trap: trap_request=0xffffff45 fr.pc=0x0000019c70ffd004 relative=0x0000000000000164
Event: 23.805 Thread 0x0000019c05fee7d0 Uncommon trap: reason=unstable_if action=reinterpret pc=0x0000019c70ffd004 method=java.lang.AbstractStringBuilder.putStringAt(ILjava/lang/String;II)V @ 8 c2
Event: 23.805 Thread 0x0000019c05fee7d0 DEOPT PACKING pc=0x0000019c70ffd004 sp=0x0000002a34cf7540
Event: 23.805 Thread 0x0000019c05fee7d0 DEOPT UNPACKING pc=0x0000019c70a3a1a3 sp=0x0000002a34cf7508 mode 2
Event: 24.414 Thread 0x0000019c05fee7d0 Uncommon trap: trap_request=0xffffff45 fr.pc=0x0000019c70fc709c relative=0x00000000000007bc
Event: 24.414 Thread 0x0000019c05fee7d0 Uncommon trap: reason=unstable_if action=reinterpret pc=0x0000019c70fc709c method=java.util.zip.ZipFile$Source.getEntryPos(Ljava/lang/String;Z)I @ 113 c2
Event: 24.414 Thread 0x0000019c05fee7d0 DEOPT PACKING pc=0x0000019c70fc709c sp=0x0000002a34cf7fd0
Event: 24.414 Thread 0x0000019c05fee7d0 DEOPT UNPACKING pc=0x0000019c70a3a1a3 sp=0x0000002a34cf7f58 mode 2
Event: 24.419 Thread 0x0000019c05fee7d0 Uncommon trap: trap_request=0xffffff45 fr.pc=0x0000019c71341dfc relative=0x000000000000053c
Event: 24.419 Thread 0x0000019c05fee7d0 Uncommon trap: reason=unstable_if action=reinterpret pc=0x0000019c71341dfc method=java.util.regex.Matcher.search(I)Z @ 76 c2
Event: 24.419 Thread 0x0000019c05fee7d0 DEOPT PACKING pc=0x0000019c71341dfc sp=0x0000002a34cf8e00
Event: 24.419 Thread 0x0000019c05fee7d0 DEOPT UNPACKING pc=0x0000019c70a3a1a3 sp=0x0000002a34cf8de0 mode 2
Event: 24.430 Thread 0x0000019c05fee7d0 Uncommon trap: trap_request=0xffffff6e fr.pc=0x0000019c70f98a44 relative=0x0000000000000144
Event: 24.430 Thread 0x0000019c05fee7d0 Uncommon trap: reason=loop_limit_check action=maybe_recompile pc=0x0000019c70f98a44 method=java.lang.StringLatin1.lastIndexOf([BII)I @ 19 c2
Event: 24.430 Thread 0x0000019c05fee7d0 DEOPT PACKING pc=0x0000019c70f98a44 sp=0x0000002a34cf8cd0
Event: 24.430 Thread 0x0000019c05fee7d0 DEOPT UNPACKING pc=0x0000019c70a3a1a3 sp=0x0000002a34cf8c50 mode 2

Classes unloaded (0 events):
No events

Classes redefined (0 events):
No events

Internal exceptions (20 events):
Event: 13.119 Thread 0x0000019c05ff1a70 Exception <a 'java/lang/NoSuchMethodError'{0x0000000087d90590}: static Lorg/gradle/internal/build/event/types/DefaultPluginApplicationResult;.<clinit>()V> (0x0000000087d90590) 
thrown [s\src\hotspot\share\prims\jni.cpp, line 1127]
Event: 13.120 Thread 0x0000019c05ff1a70 Exception <a 'java/lang/NoSuchMethodError'{0x0000000087d9cf80}: static Lorg/gradle/internal/build/event/types/DefaultBinaryPluginIdentifier;.<clinit>()V> (0x0000000087d9cf80) 
thrown [s\src\hotspot\share\prims\jni.cpp, line 1127]
Event: 13.121 Thread 0x0000019c05ff1a70 Exception <a 'java/lang/NoSuchMethodError'{0x0000000087db7418}: static Lorg/gradle/internal/build/event/types/DefaultScriptPluginIdentifier;.<clinit>()V> (0x0000000087db7418) 
thrown [s\src\hotspot\share\prims\jni.cpp, line 1127]
Event: 13.171 Thread 0x0000019c05fee7d0 Implicit null exception at 0x0000019c71269212 to 0x0000019c71269878
Event: 13.171 Thread 0x0000019c05fee7d0 Implicit null exception at 0x0000019c7126b014 to 0x0000019c7126b68c
Event: 13.246 Thread 0x0000019c05fee7d0 Exception <a 'java/lang/NoSuchMethodError'{0x000000008523cf60}: 'void java.lang.invoke.Invokers$Holder.invoke_MT(java.lang.Object, java.lang.Object, java.lang.Object, java.lang.Object)'> (0x000000008523cf60) 
thrown [s\src\hotspot\share\interpreter\linkResolver.cpp, line 771]
Event: 13.253 Thread 0x0000019c05fee7d0 Exception <a 'java/lang/NoSuchMethodError'{0x00000000852c06f0}: 'java.lang.Object java.lang.invoke.DirectMethodHandle$Holder.invokeSpecial(java.lang.Object, java.lang.Object, java.lang.Object, int, java.lang.Object, java.lang.Object)'> (0x00000000852c06f0) 
thrown [s\src\hotspot\share\interpreter\linkResolver.cpp, line 771]
Event: 13.508 Thread 0x0000019c05fee7d0 Exception <a 'java/lang/ClassNotFoundException'{0x000000008483e220}: sun/misc/SharedSecrets> (0x000000008483e220) 
thrown [s\src\hotspot\share\classfile\systemDictionary.cpp, line 256]
Event: 13.508 Thread 0x0000019c05fee7d0 Exception <a 'java/lang/ClassNotFoundException'{0x000000008483f7f8}: org/gradle/api/internal/plugins/DefaultObjectConfigurationActionBeanInfo> (0x000000008483f7f8) 
thrown [s\src\hotspot\share\classfile\systemDictionary.cpp, line 256]
Event: 13.509 Thread 0x0000019c05fee7d0 Exception <a 'java/lang/ClassNotFoundException'{0x0000000084855cb0}: org/gradle/api/internal/plugins/DefaultObjectConfigurationActionCustomizer> (0x0000000084855cb0) 
thrown [s\src\hotspot\share\classfile\systemDictionary.cpp, line 256]
Event: 17.850 Thread 0x0000019c05fee7d0 Implicit null exception at 0x0000019c7113ee0c to 0x0000019c7113ef3e
Event: 18.007 Thread 0x0000019c05fee7d0 Exception <a 'sun/nio/fs/WindowsException'{0x0000000087944bc0}> (0x0000000087944bc0) 
thrown [s\src\hotspot\share\prims\jni.cpp, line 531]
Event: 18.770 Thread 0x0000019c05fee7d0 Implicit null exception at 0x0000019c70fcf448 to 0x0000019c70fcf534
Event: 19.533 Thread 0x0000019c05fee7d0 Implicit null exception at 0x0000019c70fbc9f2 to 0x0000019c70fbd030
Event: 19.665 Thread 0x0000019c05fee7d0 Implicit null exception at 0x0000019c710163d2 to 0x0000019c710169fc
Event: 23.287 Thread 0x0000019c05fee7d0 Exception <a 'java/lang/NoClassDefFoundError'{0x0000000085e57bd0}: org/jetbrains/kotlin/gradle/plugin/KotlinBasePluginWrapper> (0x0000000085e57bd0) 
thrown [s\src\hotspot\share\classfile\systemDictionary.cpp, line 245]
Event: 23.524 Thread 0x0000019c05fee7d0 Exception <a 'java/lang/NoClassDefFoundError'{0x0000000087e973e8}: org/jetbrains/kotlin/gradle/plugin/KotlinBasePluginWrapper> (0x0000000087e973e8) 
thrown [s\src\hotspot\share\oops\constantPool.cpp, line 837]
Event: 23.565 Thread 0x0000019c05fee7d0 Exception <a 'java/lang/NoClassDefFoundError'{0x0000000087b9ef38}: org/jetbrains/kotlin/gradle/plugin/KotlinBasePluginWrapper> (0x0000000087b9ef38) 
thrown [s\src\hotspot\share\oops\constantPool.cpp, line 837]
Event: 23.615 Thread 0x0000019c05fee7d0 Exception <a 'java/lang/NoClassDefFoundError'{0x0000000087875a40}: org/jetbrains/kotlin/gradle/plugin/KotlinBasePluginWrapper> (0x0000000087875a40) 
thrown [s\src\hotspot\share\oops\constantPool.cpp, line 837]
Event: 23.619 Thread 0x0000019c05fee7d0 Exception <a 'java/lang/NoClassDefFoundError'{0x00000000878a3298}: org/jetbrains/kotlin/gradle/plugin/KotlinBasePluginWrapper> (0x00000000878a3298) 
thrown [s\src\hotspot\share\oops\constantPool.cpp, line 837]

VM Operations (20 events):
Event: 18.506 Executing VM operation: G1CollectForAllocation
Event: 18.511 Executing VM operation: G1CollectForAllocation done
Event: 18.525 Executing VM operation: G1CollectForAllocation
Event: 18.529 Executing VM operation: G1CollectForAllocation done
Event: 19.534 Executing VM operation: Cleanup
Event: 19.535 Executing VM operation: Cleanup done
Event: 19.649 Executing VM operation: G1CollectForAllocation
Event: 19.652 Executing VM operation: G1CollectForAllocation done
Event: 20.666 Executing VM operation: Cleanup
Event: 20.666 Executing VM operation: Cleanup done
Event: 21.266 Executing VM operation: HandshakeAllThreads
Event: 21.266 Executing VM operation: HandshakeAllThreads done
Event: 22.271 Executing VM operation: Cleanup
Event: 22.271 Executing VM operation: Cleanup done
Event: 23.285 Executing VM operation: Cleanup
Event: 23.286 Executing VM operation: Cleanup done
Event: 23.339 Executing VM operation: G1CollectForAllocation
Event: 23.344 Executing VM operation: G1CollectForAllocation done
Event: 24.279 Executing VM operation: G1CollectForAllocation
Event: 24.287 Executing VM operation: G1CollectForAllocation done

Events (20 events):
Event: 18.522 loading class java/security/KeyStore
Event: 18.523 loading class java/security/KeyStore done
Event: 18.523 loading class java/security/KeyStore$1
Event: 18.524 loading class java/security/KeyStore$1 done
Event: 18.713 loading class javax/xml/stream/XMLStreamException
Event: 18.713 loading class javax/xml/stream/XMLStreamException done
Event: 18.731 loading class sun/reflect/annotation/AnnotationInvocationHandler$1
Event: 18.731 loading class sun/reflect/annotation/AnnotationInvocationHandler$1 done
Event: 19.098 loading class java/util/regex/Pattern$Neg
Event: 19.098 loading class java/util/regex/Pattern$Neg done
Event: 19.723 loading class java/lang/Override
Event: 19.723 loading class java/lang/Override done
Event: 21.681 loading class jdk/internal/access/foreign/MemorySegmentProxy
Event: 21.681 loading class jdk/internal/access/foreign/MemorySegmentProxy done
Event: 23.718 loading class sun/reflect/generics/repository/FieldRepository
Event: 23.718 loading class sun/reflect/generics/repository/FieldRepository done
Event: 23.728 loading class jdk/internal/vm/annotation/ForceInline
Event: 23.728 loading class jdk/internal/vm/annotation/ForceInline done
Event: 23.805 loading class java/util/regex/Pattern$Caret
Event: 23.806 loading class java/util/regex/Pattern$Caret done


Dynamic libraries:
0x00007ff6ad450000 - 0x00007ff6ad45a000 	C:\Program Files\Android\Android Studio\jbr\bin\java.exe
0x00007ffc2f210000 - 0x00007ffc2f427000 	C:\WINDOWS\SYSTEM32\ntdll.dll
0x00007ffc2dd60000 - 0x00007ffc2de24000 	C:\WINDOWS\System32\KERNEL32.DLL
0x00007ffc2cb70000 - 0x00007ffc2cf29000 	C:\WINDOWS\System32\KERNELBASE.dll
0x00007ffc2c8b0000 - 0x00007ffc2c9c1000 	C:\WINDOWS\System32\ucrtbase.dll
0x00007ffc184b0000 - 0x00007ffc184c7000 	C:\Program Files\Android\Android Studio\jbr\bin\jli.dll
0x00007ffc2d0f0000 - 0x00007ffc2d29e000 	C:\WINDOWS\System32\USER32.dll
0x00007ffc2cb40000 - 0x00007ffc2cb66000 	C:\WINDOWS\System32\win32u.dll
0x00007ffc242f0000 - 0x00007ffc2430b000 	C:\Program Files\Android\Android Studio\jbr\bin\VCRUNTIME140.dll
0x00007ffc14d70000 - 0x00007ffc15002000 	C:\WINDOWS\WinSxS\amd64_microsoft.windows.common-controls_6595b64144ccf1df_6.0.22621.4391_none_2715d37f73803e96\COMCTL32.dll
0x00007ffc2e0b0000 - 0x00007ffc2e157000 	C:\WINDOWS\System32\msvcrt.dll
0x00007ffc2e3d0000 - 0x00007ffc2e3f9000 	C:\WINDOWS\System32\GDI32.dll
0x00007ffc2c620000 - 0x00007ffc2c73b000 	C:\WINDOWS\System32\gdi32full.dll
0x00007ffc2c580000 - 0x00007ffc2c61a000 	C:\WINDOWS\System32\msvcp_win.dll
0x00007ffc2da90000 - 0x00007ffc2dac1000 	C:\WINDOWS\System32\IMM32.DLL
0x00007ffc242e0000 - 0x00007ffc242ec000 	C:\Program Files\Android\Android Studio\jbr\bin\vcruntime140_1.dll
0x00007ffc02070000 - 0x00007ffc020fd000 	C:\Program Files\Android\Android Studio\jbr\bin\msvcp140.dll
0x00007ffbd1c20000 - 0x00007ffbd28a3000 	C:\Program Files\Android\Android Studio\jbr\bin\server\jvm.dll
0x00007ffc2de90000 - 0x00007ffc2df42000 	C:\WINDOWS\System32\ADVAPI32.dll
0x00007ffc2e400000 - 0x00007ffc2e4a7000 	C:\WINDOWS\System32\sechost.dll
0x00007ffc2c740000 - 0x00007ffc2c768000 	C:\WINDOWS\System32\bcrypt.dll
0x00007ffc2dbc0000 - 0x00007ffc2dcd4000 	C:\WINDOWS\System32\RPCRT4.dll
0x00007ffc28580000 - 0x00007ffc285b4000 	C:\WINDOWS\SYSTEM32\WINMM.dll
0x00007ffc230b0000 - 0x00007ffc230b9000 	C:\WINDOWS\SYSTEM32\WSOCK32.dll
0x00007ffc2dce0000 - 0x00007ffc2dd51000 	C:\WINDOWS\System32\WS2_32.dll
0x00007ffc26400000 - 0x00007ffc2640a000 	C:\WINDOWS\SYSTEM32\VERSION.dll
0x00007ffc2b360000 - 0x00007ffc2b3ad000 	C:\WINDOWS\SYSTEM32\POWRPROF.dll
0x00007ffc2b340000 - 0x00007ffc2b353000 	C:\WINDOWS\SYSTEM32\UMPDC.dll
0x00007ffc2b610000 - 0x00007ffc2b628000 	C:\WINDOWS\SYSTEM32\kernel.appcore.dll
0x00007ffc21300000 - 0x00007ffc2130a000 	C:\Program Files\Android\Android Studio\jbr\bin\jimage.dll
0x00007ffc25cc0000 - 0x00007ffc25ef2000 	C:\WINDOWS\SYSTEM32\DBGHELP.DLL
0x00007ffc2d540000 - 0x00007ffc2d8cf000 	C:\WINDOWS\System32\combase.dll
0x00007ffc2d360000 - 0x00007ffc2d437000 	C:\WINDOWS\System32\OLEAUT32.dll
0x00007ffc0e460000 - 0x00007ffc0e492000 	C:\WINDOWS\SYSTEM32\dbgcore.DLL
0x00007ffc2c830000 - 0x00007ffc2c8ab000 	C:\WINDOWS\System32\bcryptPrimitives.dll
0x00007ffc184d0000 - 0x00007ffc184de000 	C:\Program Files\Android\Android Studio\jbr\bin\instrument.dll
0x00007ffc1e970000 - 0x00007ffc1e995000 	C:\Program Files\Android\Android Studio\jbr\bin\java.dll
0x00007ffc1e5b0000 - 0x00007ffc1e5c8000 	C:\Program Files\Android\Android Studio\jbr\bin\zip.dll
0x00007ffc2e950000 - 0x00007ffc2f1c6000 	C:\WINDOWS\System32\SHELL32.dll
0x00007ffc2a410000 - 0x00007ffc2ad13000 	C:\WINDOWS\SYSTEM32\windows.storage.dll
0x00007ffc2a2d0000 - 0x00007ffc2a40f000 	C:\WINDOWS\SYSTEM32\wintypes.dll
0x00007ffc2d440000 - 0x00007ffc2d539000 	C:\WINDOWS\System32\SHCORE.dll
0x00007ffc2db60000 - 0x00007ffc2dbbe000 	C:\WINDOWS\System32\shlwapi.dll
0x00007ffc2c440000 - 0x00007ffc2c46b000 	C:\WINDOWS\SYSTEM32\profapi.dll
0x00007ffc1e4f0000 - 0x00007ffc1e509000 	C:\Program Files\Android\Android Studio\jbr\bin\net.dll
0x00007ffc28370000 - 0x00007ffc284a6000 	C:\WINDOWS\SYSTEM32\WINHTTP.dll
0x00007ffc2baa0000 - 0x00007ffc2bb09000 	C:\WINDOWS\system32\mswsock.dll
0x00007ffc1e4d0000 - 0x00007ffc1e4e6000 	C:\Program Files\Android\Android Studio\jbr\bin\nio.dll
0x00007ffc18540000 - 0x00007ffc18550000 	C:\Program Files\Android\Android Studio\jbr\bin\verify.dll
0x00007ffc1e8a0000 - 0x00007ffc1e8c7000 	C:\Users\MasaG\.gradle\native\c067742578af261105cb4f569cf0c3c89f3d7b1fecec35dd04571415982c5e48\windows-amd64\native-platform.dll
0x00007ffbf70e0000 - 0x00007ffbf7224000 	C:\Users\MasaG\.gradle\native\38dada09dfb8b06ba9b0570ebf7e218e3eb74d4ef43ca46872605cf95ebc2f47\windows-amd64\native-platform-file-events.dll
0x00007ffc1e5a0000 - 0x00007ffc1e5a9000 	C:\Program Files\Android\Android Studio\jbr\bin\management.dll
0x00007ffc1e440000 - 0x00007ffc1e44b000 	C:\Program Files\Android\Android Studio\jbr\bin\management_ext.dll
0x00007ffc2e1e0000 - 0x00007ffc2e1e8000 	C:\WINDOWS\System32\PSAPI.DLL
0x00007ffc2bd10000 - 0x00007ffc2bd2b000 	C:\WINDOWS\SYSTEM32\CRYPTSP.dll
0x00007ffc2b570000 - 0x00007ffc2b5a5000 	C:\WINDOWS\system32\rsaenh.dll
0x00007ffc2bbb0000 - 0x00007ffc2bbd8000 	C:\WINDOWS\SYSTEM32\USERENV.dll
0x00007ffc2bd30000 - 0x00007ffc2bd3c000 	C:\WINDOWS\SYSTEM32\CRYPTBASE.dll
0x00007ffc2aff0000 - 0x00007ffc2b01d000 	C:\WINDOWS\SYSTEM32\IPHLPAPI.DLL
0x00007ffc2d030000 - 0x00007ffc2d039000 	C:\WINDOWS\System32\NSI.dll
0x00007ffc28860000 - 0x00007ffc28879000 	C:\WINDOWS\SYSTEM32\dhcpcsvc6.DLL
0x00007ffc28840000 - 0x00007ffc2885f000 	C:\WINDOWS\SYSTEM32\dhcpcsvc.DLL
0x00007ffc2b020000 - 0x00007ffc2b122000 	C:\WINDOWS\SYSTEM32\DNSAPI.dll
0x00007ffc23010000 - 0x00007ffc23019000 	C:\Program Files\Android\Android Studio\jbr\bin\extnet.dll
0x00007ffc170e0000 - 0x00007ffc170e8000 	C:\WINDOWS\system32\wshunix.dll

dbghelp: loaded successfully - version: 4.0.5 - missing functions: none
symbol engine: initialized successfully - sym options: 0x614 - pdb path: .;C:\Program Files\Android\Android Studio\jbr\bin;C:\WINDOWS\SYSTEM32;C:\WINDOWS\WinSxS\amd64_microsoft.windows.common-controls_6595b64144ccf1df_6.0.22621.4391_none_2715d37f73803e96;C:\Program Files\Android\Android Studio\jbr\bin\server;C:\Users\MasaG\.gradle\native\c067742578af261105cb4f569cf0c3c89f3d7b1fecec35dd04571415982c5e48\windows-amd64;C:\Users\MasaG\.gradle\native\38dada09dfb8b06ba9b0570ebf7e218e3eb74d4ef43ca46872605cf95ebc2f47\windows-amd64

VM Arguments:
jvm_args: --add-opens=java.base/java.util=ALL-UNNAMED --add-opens=java.base/java.lang=ALL-UNNAMED --add-opens=java.base/java.lang.invoke=ALL-UNNAMED --add-opens=java.prefs/java.util.prefs=ALL-UNNAMED --add-opens=java.base/java.nio.charset=ALL-UNNAMED --add-opens=java.base/java.net=ALL-UNNAMED --add-opens=java.base/java.util.concurrent.atomic=ALL-UNNAMED -Xmx2048m -Dfile.encoding=UTF-8 -Duser.country=CA -Duser.language=en -Duser.variant -javaagent:C:\Users\MasaG\.gradle\wrapper\dists\gradle-8.7-bin\bhs2wmbdwecv87pi65oeuq5iu\gradle-8.7\lib\agents\gradle-instrumentation-agent-8.7.jar 
java_command: org.gradle.launcher.daemon.bootstrap.GradleDaemon 8.7
java_class_path (initial): C:\Users\MasaG\.gradle\wrapper\dists\gradle-8.7-bin\bhs2wmbdwecv87pi65oeuq5iu\gradle-8.7\lib\gradle-launcher-8.7.jar
Launcher Type: SUN_STANDARD

[Global flags]
     intx CICompilerCount                          = 4                                         {product} {ergonomic}
     uint ConcGCThreads                            = 2                                         {product} {ergonomic}
     uint G1ConcRefinementThreads                  = 8                                         {product} {ergonomic}
   size_t G1HeapRegionSize                         = 1048576                                   {product} {ergonomic}
    uintx GCDrainStackTargetSize                   = 64                                        {product} {ergonomic}
   size_t InitialHeapSize                          = 132120576                                 {product} {ergonomic}
   size_t MarkStackSize                            = 4194304                                   {product} {ergonomic}
   size_t MaxHeapSize                              = 2147483648                                {product} {command line}
   size_t MaxNewSize                               = 1287651328                                {product} {ergonomic}
   size_t MinHeapDeltaBytes                        = 1048576                                   {product} {ergonomic}
   size_t MinHeapSize                              = 8388608                                   {product} {ergonomic}
    uintx NonNMethodCodeHeapSize                   = 5839372                                {pd product} {ergonomic}
    uintx NonProfiledCodeHeapSize                  = 122909434                              {pd product} {ergonomic}
    uintx ProfiledCodeHeapSize                     = 122909434                              {pd product} {ergonomic}
    uintx ReservedCodeCacheSize                    = 251658240                              {pd product} {ergonomic}
     bool SegmentedCodeCache                       = true                                      {product} {ergonomic}
   size_t SoftMaxHeapSize                          = 2147483648                             {manageable} {ergonomic}
     bool UseCompressedClassPointers               = true                           {product lp64_product} {ergonomic}
     bool UseCompressedOops                        = true                           {product lp64_product} {ergonomic}
     bool UseG1GC                                  = true                                      {product} {ergonomic}
     bool UseLargePagesIndividualAllocation        = false                                  {pd product} {ergonomic}

Logging:
Log output configuration:
 #0: stdout all=warning uptime,level,tags
 #1: stderr all=off uptime,level,tags

Environment Variables:
PATH=C:\Program Files\Common Files\Oracle\Java\javapath;C:\WINDOWS\system32;C:\WINDOWS;C:\WINDOWS\System32\Wbem;C:\WINDOWS\System32\WindowsPowerShell\v1.0\;C:\WINDOWS\System32\OpenSSH\;C:\Program Files\MATLAB\R2023b\bin;C:\Program Files\Git\cmd;C:\Program Files\Docker\Docker\resources\bin;C:\Users\MasaG\AppData\Local\Microsoft\WindowsApps;C:\Users\MasaG\AppData\Local\Programs\Microsoft VS Code\bin
USERNAME=MasaG
OS=Windows_NT
PROCESSOR_IDENTIFIER=Intel64 Family 6 Model 140 Stepping 1, GenuineIntel
TMP=C:\Users\MasaG\AppData\Local\Temp
TEMP=C:\Users\MasaG\AppData\Local\Temp



Periodic native trim disabled

JNI global refs:
JNI global refs: 27, weak refs: 3

JNI global refs memory usage: 843, weak refs: 841

Process memory usage:
Resident Set Size: 359856K (4% of 8218624K total physical memory with 169500K free physical memory)

OOME stack traces (most recent first):
Classloader memory used:
