#
# There is insufficient memory for the Java Runtime Environment to continue.
# Native memory allocation (malloc) failed to allocate 1800656 bytes. Error detail: Chunk::new
# Possible reasons:
#   The system is out of physical RAM or swap space
#   This process is running with CompressedOops enabled, and the Java Heap may be blocking the growth of the native heap
# Possible solutions:
#   Reduce memory load on the system
#   Increase physical memory or swap space
#   Check if swap backing store is full
#   Decrease Java heap size (-Xmx/-Xms)
#   Decrease number of Java threads
#   Decrease Java thread stack sizes (-Xss)
#   Set larger code cache with -XX:ReservedCodeCacheSize=
#   JVM is running with Unscaled Compressed Oops mode in which the Java heap is
#     placed in the first 4GB address space. The Java Heap base address is the
#     maximum limit for the native heap growth. Please use -XX:HeapBaseMinAddress
#     to set the Java Heap base and to place the Java Heap above 4GB virtual address.
# This output file may be truncated or incomplete.
#
#  Out of Memory Error (arena.cpp:191), pid=23396, tid=8964
#
# JRE version: OpenJDK Runtime Environment (17.0.11) (build 17.0.11+0--11852314)
# Java VM: OpenJDK 64-Bit Server VM (17.0.11+0--11852314, mixed mode, tiered, compressed oops, compressed class ptrs, g1 gc, windows-amd64)
# No core dump will be written. Minidumps are not enabled by default on client versions of Windows
#

---------------  S U M M A R Y ------------

Command Line: --add-opens=java.base/java.util=ALL-UNNAMED --add-opens=java.base/java.lang=ALL-UNNAMED --add-opens=java.base/java.lang.invoke=ALL-UNNAMED --add-opens=java.prefs/java.util.prefs=ALL-UNNAMED --add-opens=java.base/java.nio.charset=ALL-UNNAMED --add-opens=java.base/java.net=ALL-UNNAMED --add-opens=java.base/java.util.concurrent.atomic=ALL-UNNAMED -Xmx2048m -Dfile.encoding=UTF-8 -Duser.country=CA -Duser.language=en -Duser.variant -javaagent:C:\Users\MasaG\.gradle\wrapper\dists\gradle-8.7-bin\bhs2wmbdwecv87pi65oeuq5iu\gradle-8.7\lib\agents\gradle-instrumentation-agent-8.7.jar org.gradle.launcher.daemon.bootstrap.GradleDaemon 8.7

Host: 11th Gen Intel(R) Core(TM) i5-1135G7 @ 2.40GHz, 8 cores, 7G,  Windows 11 , 64 bit Build 22621 (10.0.22621.4391)
Time: Thu Dec  5 12:53:25 2024 Pacific Standard Time elapsed time: 29.543677 seconds (0d 0h 0m 29s)

---------------  T H R E A D  ---------------

Current thread (0x0000021fc1045090):  JavaThread "C2 CompilerThread0" daemon [_thread_in_native, id=8964, stack(0x00000041c9200000,0x00000041c9300000)]


Current CompileTask:
C2:  29544 7330   !   4       jdk.internal.loader.Resource::getBytes (244 bytes)

Stack: [0x00000041c9200000,0x00000041c9300000]
Native frames: (J=compiled Java code, j=interpreted, Vv=VM code, C=native code)
V  [jvm.dll+0x687bb9]
V  [jvm.dll+0x84142a]
V  [jvm.dll+0x8430ae]
V  [jvm.dll+0x843713]
V  [jvm.dll+0x24a35f]
V  [jvm.dll+0xac544]
V  [jvm.dll+0xacb8c]
V  [jvm.dll+0x369be2]
V  [jvm.dll+0x33416a]
V  [jvm.dll+0x33360a]
V  [jvm.dll+0x21bed1]
V  [jvm.dll+0x21b311]
V  [jvm.dll+0x1a63ed]
V  [jvm.dll+0x22b1ee]
V  [jvm.dll+0x229375]
V  [jvm.dll+0x7f5647]
V  [jvm.dll+0x7efa4a]
V  [jvm.dll+0x686a35]
C  [ucrtbase.dll+0x29333]
C  [KERNEL32.DLL+0x1259d]
C  [ntdll.dll+0x5af38]


---------------  P R O C E S S  ---------------

Threads class SMR info:
_java_thread_list=0x0000021fc2df3fb0, length=50, elements={
0x0000021fa2eab0a0, 0x0000021fbcd42590, 0x0000021fbcd47160, 0x0000021fc103e290,
0x0000021fc103ee50, 0x0000021fc1041920, 0x0000021fc10442f0, 0x0000021fc1045090,
0x0000021fc1045b40, 0x0000021fc1046540, 0x0000021fc1158150, 0x0000021fc136fe10,
0x0000021fc2ce7f10, 0x0000021fc1e02c60, 0x0000021fc204d0f0, 0x0000021fc2b05370,
0x0000021fc2b05850, 0x0000021fc1103aa0, 0x0000021fc1103fb0, 0x0000021fc11044c0,
0x0000021fc1100d10, 0x0000021fc1101220, 0x0000021fc1101730, 0x0000021fc1101c40,
0x0000021fc1102660, 0x0000021fc1102b70, 0x0000021fc1103080, 0x0000021fc1103590,
0x0000021fc455dcd0, 0x0000021fc455d7c0, 0x0000021fc4560040, 0x0000021fc4560550,
0x0000021fc455cda0, 0x0000021fc455f620, 0x0000021fc455f110, 0x0000021fc455fb30,
0x0000021fc455d2b0, 0x0000021fc455ec00, 0x0000021fc13eac10, 0x0000021fc13eca70,
0x0000021fc13ec560, 0x0000021fc13eb120, 0x0000021fc13ecf80, 0x0000021fc13eb630,
0x0000021fc13ed490, 0x0000021fc13ed9a0, 0x0000021fc13eede0, 0x0000021fc13ee3c0,
0x0000021fc13f0220, 0x0000021fc512a860
}

Java Threads: ( => current thread )
  0x0000021fa2eab0a0 JavaThread "main" [_thread_blocked, id=27560, stack(0x00000041c8500000,0x00000041c8600000)]
  0x0000021fbcd42590 JavaThread "Reference Handler" daemon [_thread_blocked, id=16840, stack(0x00000041c8c00000,0x00000041c8d00000)]
  0x0000021fbcd47160 JavaThread "Finalizer" daemon [_thread_blocked, id=1620, stack(0x00000041c8d00000,0x00000041c8e00000)]
  0x0000021fc103e290 JavaThread "Signal Dispatcher" daemon [_thread_blocked, id=10216, stack(0x00000041c8e00000,0x00000041c8f00000)]
  0x0000021fc103ee50 JavaThread "Attach Listener" daemon [_thread_blocked, id=21736, stack(0x00000041c8f00000,0x00000041c9000000)]
  0x0000021fc1041920 JavaThread "Service Thread" daemon [_thread_blocked, id=9884, stack(0x00000041c9000000,0x00000041c9100000)]
  0x0000021fc10442f0 JavaThread "Monitor Deflation Thread" daemon [_thread_blocked, id=15668, stack(0x00000041c9100000,0x00000041c9200000)]
=>0x0000021fc1045090 JavaThread "C2 CompilerThread0" daemon [_thread_in_native, id=8964, stack(0x00000041c9200000,0x00000041c9300000)]
  0x0000021fc1045b40 JavaThread "C1 CompilerThread0" daemon [_thread_blocked, id=13348, stack(0x00000041c9300000,0x00000041c9400000)]
  0x0000021fc1046540 JavaThread "Sweeper thread" daemon [_thread_blocked, id=3548, stack(0x00000041c9400000,0x00000041c9500000)]
  0x0000021fc1158150 JavaThread "Common-Cleaner" daemon [_thread_blocked, id=26304, stack(0x00000041c9500000,0x00000041c9600000)]
  0x0000021fc136fe10 JavaThread "Notification Thread" daemon [_thread_blocked, id=5136, stack(0x00000041c9600000,0x00000041c9700000)]
  0x0000021fc2ce7f10 JavaThread "Daemon health stats" [_thread_blocked, id=8900, stack(0x00000041c9d00000,0x00000041c9e00000)]
  0x0000021fc1e02c60 JavaThread "Incoming local TCP Connector on port 54356" [_thread_in_native, id=3172, stack(0x00000041c9c00000,0x00000041c9d00000)]
  0x0000021fc204d0f0 JavaThread "Daemon periodic checks" [_thread_blocked, id=31424, stack(0x00000041c9e00000,0x00000041c9f00000)]
  0x0000021fc2b05370 JavaThread "Daemon" [_thread_blocked, id=1776, stack(0x00000041c9f00000,0x00000041ca000000)]
  0x0000021fc2b05850 JavaThread "Handler for socket connection from /127.0.0.1:54356 to /127.0.0.1:54357" [_thread_in_native, id=31204, stack(0x00000041ca000000,0x00000041ca100000)]
  0x0000021fc1103aa0 JavaThread "Cancel handler" [_thread_blocked, id=26940, stack(0x00000041ca100000,0x00000041ca200000)]
  0x0000021fc1103fb0 JavaThread "Daemon worker" [_thread_in_Java, id=26664, stack(0x00000041ca200000,0x00000041ca300000)]
  0x0000021fc11044c0 JavaThread "Asynchronous log dispatcher for DefaultDaemonConnection: socket connection from /127.0.0.1:54356 to /127.0.0.1:54357" [_thread_blocked, id=4968, stack(0x00000041ca300000,0x00000041ca400000)]
  0x0000021fc1100d10 JavaThread "Stdin handler" [_thread_blocked, id=15664, stack(0x00000041ca400000,0x00000041ca500000)]
  0x0000021fc1101220 JavaThread "Daemon client event forwarder" [_thread_blocked, id=20720, stack(0x00000041ca500000,0x00000041ca600000)]
  0x0000021fc1101730 JavaThread "Cache worker for journal cache (C:\Users\MasaG\.gradle\caches\journal-1)" [_thread_blocked, id=13048, stack(0x00000041caa00000,0x00000041cab00000)]
  0x0000021fc1101c40 JavaThread "File lock request listener" [_thread_in_native, id=6540, stack(0x00000041cab00000,0x00000041cac00000)]
  0x0000021fc1102660 JavaThread "Cache worker for file hash cache (C:\Users\MasaG\.gradle\caches\8.7\fileHashes)" [_thread_blocked, id=28804, stack(0x00000041cac00000,0x00000041cad00000)]
  0x0000021fc1102b70 JavaThread "Cache worker for file hash cache (C:\Users\MasaG\AndroidStudioProjects\Step4\.gradle\8.7\fileHashes)" [_thread_blocked, id=30304, stack(0x00000041cad00000,0x00000041cae00000)]
  0x0000021fc1103080 JavaThread "File watcher server" daemon [_thread_in_native, id=10860, stack(0x00000041cae00000,0x00000041caf00000)]
  0x0000021fc1103590 JavaThread "File watcher consumer" daemon [_thread_blocked, id=30100, stack(0x00000041caf00000,0x00000041cb000000)]
  0x0000021fc455dcd0 JavaThread "Cache worker for checksums cache (C:\Users\MasaG\AndroidStudioProjects\Step4\.gradle\8.7\checksums)" [_thread_blocked, id=22728, stack(0x00000041cb000000,0x00000041cb100000)]
  0x0000021fc455d7c0 JavaThread "Cache worker for cache directory md-supplier (C:\Users\MasaG\.gradle\caches\8.7\md-supplier)" [_thread_blocked, id=13268, stack(0x00000041cb100000,0x00000041cb200000)]
  0x0000021fc4560040 JavaThread "Cache worker for cache directory md-rule (C:\Users\MasaG\.gradle\caches\8.7\md-rule)" [_thread_blocked, id=28096, stack(0x00000041cb200000,0x00000041cb300000)]
  0x0000021fc4560550 JavaThread "Cache worker for file content cache (C:\Users\MasaG\.gradle\caches\8.7\fileContent)" [_thread_blocked, id=14952, stack(0x00000041cb300000,0x00000041cb400000)]
  0x0000021fc455cda0 JavaThread "Cache worker for Build Output Cleanup Cache (C:\Users\MasaG\AndroidStudioProjects\Step4\.gradle\buildOutputCleanup)" [_thread_blocked, id=28232, stack(0x00000041cb500000,0x00000041cb600000)]
  0x0000021fc455f620 JavaThread "Unconstrained build operations" [_thread_blocked, id=29172, stack(0x00000041cb600000,0x00000041cb700000)]
  0x0000021fc455f110 JavaThread "Unconstrained build operations Thread 2" [_thread_blocked, id=22040, stack(0x00000041cb700000,0x00000041cb800000)]
  0x0000021fc455fb30 JavaThread "Unconstrained build operations Thread 3" [_thread_blocked, id=8916, stack(0x00000041cb800000,0x00000041cb900000)]
  0x0000021fc455d2b0 JavaThread "Unconstrained build operations Thread 4" [_thread_blocked, id=7536, stack(0x00000041cb900000,0x00000041cba00000)]
  0x0000021fc455ec00 JavaThread "Unconstrained build operations Thread 5" [_thread_blocked, id=1308, stack(0x00000041cba00000,0x00000041cbb00000)]
  0x0000021fc13eac10 JavaThread "Unconstrained build operations Thread 6" [_thread_blocked, id=11608, stack(0x00000041cbb00000,0x00000041cbc00000)]
  0x0000021fc13eca70 JavaThread "Unconstrained build operations Thread 7" [_thread_blocked, id=7028, stack(0x00000041cbc00000,0x00000041cbd00000)]
  0x0000021fc13ec560 JavaThread "Unconstrained build operations Thread 8" [_thread_blocked, id=25784, stack(0x00000041cb400000,0x00000041cb500000)]
  0x0000021fc13eb120 JavaThread "Unconstrained build operations Thread 9" [_thread_blocked, id=20436, stack(0x00000041cbd00000,0x00000041cbe00000)]
  0x0000021fc13ecf80 JavaThread "Unconstrained build operations Thread 10" [_thread_blocked, id=10940, stack(0x00000041cbe00000,0x00000041cbf00000)]
  0x0000021fc13eb630 JavaThread "Unconstrained build operations Thread 11" [_thread_blocked, id=6780, stack(0x00000041cbf00000,0x00000041cc000000)]
  0x0000021fc13ed490 JavaThread "Unconstrained build operations Thread 12" [_thread_blocked, id=20944, stack(0x00000041cc000000,0x00000041cc100000)]
  0x0000021fc13ed9a0 JavaThread "Unconstrained build operations Thread 13" [_thread_blocked, id=1900, stack(0x00000041cc100000,0x00000041cc200000)]
  0x0000021fc13eede0 JavaThread "Unconstrained build operations Thread 14" [_thread_blocked, id=22224, stack(0x00000041cc200000,0x00000041cc300000)]
  0x0000021fc13ee3c0 JavaThread "build event listener" [_thread_blocked, id=24972, stack(0x00000041cc300000,0x00000041cc400000)]
  0x0000021fc13f0220 JavaThread "Memory manager" [_thread_blocked, id=29524, stack(0x00000041cc400000,0x00000041cc500000)]
  0x0000021fc512a860 JavaThread "C2 CompilerThread1" daemon [_thread_in_native, id=10648, stack(0x00000041cc500000,0x00000041cc600000)]

Other Threads:
  0x0000021fbcd3f030 VMThread "VM Thread" [stack: 0x00000041c8b00000,0x00000041c8c00000] [id=25796]
  0x0000021fa2eabf20 WatcherThread [stack: 0x00000041c9700000,0x00000041c9800000] [id=17508]
  0x0000021fa2f062d0 GCTaskThread "GC Thread#0" [stack: 0x00000041c8600000,0x00000041c8700000] [id=7408]
  0x0000021fc1d32c30 GCTaskThread "GC Thread#1" [stack: 0x00000041c9800000,0x00000041c9900000] [id=9816]
  0x0000021fc1d32ef0 GCTaskThread "GC Thread#2" [stack: 0x00000041c9900000,0x00000041c9a00000] [id=23148]
  0x0000021fc1d31bb0 GCTaskThread "GC Thread#3" [stack: 0x00000041c9a00000,0x00000041c9b00000] [id=10876]
  0x0000021fc1d32970 GCTaskThread "GC Thread#4" [stack: 0x00000041c9b00000,0x00000041c9c00000] [id=27068]
  0x0000021fc1d318f0 GCTaskThread "GC Thread#5" [stack: 0x00000041ca600000,0x00000041ca700000] [id=27988]
  0x0000021fc1d31630 GCTaskThread "GC Thread#6" [stack: 0x00000041ca700000,0x00000041ca800000] [id=25692]
  0x0000021fc1d31e70 GCTaskThread "GC Thread#7" [stack: 0x00000041ca800000,0x00000041ca900000] [id=29828]
  0x0000021fa2f17220 ConcurrentGCThread "G1 Main Marker" [stack: 0x00000041c8700000,0x00000041c8800000] [id=20600]
  0x0000021fa2f17c40 ConcurrentGCThread "G1 Conc#0" [stack: 0x00000041c8800000,0x00000041c8900000] [id=25112]
  0x0000021fc1d32130 ConcurrentGCThread "G1 Conc#1" [stack: 0x00000041ca900000,0x00000041caa00000] [id=20588]
  0x0000021fa2f5e750 ConcurrentGCThread "G1 Refine#0" [stack: 0x00000041c8900000,0x00000041c8a00000] [id=7948]
  0x0000021fbcb98360 ConcurrentGCThread "G1 Service" [stack: 0x00000041c8a00000,0x00000041c8b00000] [id=25916]

Threads with active compile tasks:
C2 CompilerThread0    29612 7330   !   4       jdk.internal.loader.Resource::getBytes (244 bytes)
C2 CompilerThread1    29612 7367       4       java.util.jar.JarFile::getEntry (35 bytes)

VM state: not at safepoint (normal execution)

VM Mutex/Monitor currently owned by a thread: None

Heap address: 0x0000000080000000, size: 2048 MB, Compressed Oops mode: 32-bit

CDS archive(s) not mapped
Compressed class space mapped at: 0x0000000100000000-0x0000000140000000, reserved size: 1073741824
Narrow klass base: 0x0000000000000000, Narrow klass shift: 3, Narrow klass range: 0x140000000

GC Precious Log:
 CPUs: 8 total, 8 available
 Memory: 8026M
 Large Page Support: Disabled
 NUMA Support: Disabled
 Compressed Oops: Enabled (32-bit)
 Heap Region Size: 1M
 Heap Min Capacity: 8M
 Heap Initial Capacity: 126M
 Heap Max Capacity: 2G
 Pre-touch: Disabled
 Parallel Workers: 8
 Concurrent Workers: 2
 Concurrent Refinement Workers: 8
 Periodic GC: Disabled

Heap:
 garbage-first heap   total 121856K, used 91338K [0x0000000080000000, 0x0000000100000000)
  region size 1024K, 33 young (33792K), 2 survivors (2048K)
 Metaspace       used 68437K, committed 68992K, reserved 1114112K
  class space    used 9304K, committed 9536K, reserved 1048576K

Heap Regions: E=young(eden), S=young(survivor), O=old, HS=humongous(starts), HC=humongous(continues), CS=collection set, F=free, OA=open archive, CA=closed archive, TAMS=top-at-mark-start (previous, next)
|   0|0x0000000080000000, 0x0000000080100000, 0x0000000080100000|100%|HS|  |TAMS 0x0000000080100000, 0x0000000080000000| Complete 
|   1|0x0000000080100000, 0x0000000080200000, 0x0000000080200000|100%|HC|  |TAMS 0x0000000080200000, 0x0000000080100000| Complete 
|   2|0x0000000080200000, 0x0000000080300000, 0x0000000080300000|100%|HC|  |TAMS 0x0000000080300000, 0x0000000080200000| Complete 
|   3|0x0000000080300000, 0x0000000080400000, 0x0000000080400000|100%|HC|  |TAMS 0x0000000080400000, 0x0000000080300000| Complete 
|   4|0x0000000080400000, 0x0000000080500000, 0x0000000080500000|100%| O|  |TAMS 0x0000000080500000, 0x0000000080400000| Untracked 
|   5|0x0000000080500000, 0x0000000080600000, 0x0000000080600000|100%| O|  |TAMS 0x0000000080600000, 0x0000000080500000| Untracked 
|   6|0x0000000080600000, 0x0000000080700000, 0x0000000080700000|100%| O|  |TAMS 0x0000000080700000, 0x0000000080600000| Untracked 
|   7|0x0000000080700000, 0x0000000080800000, 0x0000000080800000|100%| O|  |TAMS 0x0000000080800000, 0x0000000080700000| Untracked 
|   8|0x0000000080800000, 0x0000000080900000, 0x0000000080900000|100%| O|  |TAMS 0x0000000080900000, 0x0000000080800000| Untracked 
|   9|0x0000000080900000, 0x0000000080a00000, 0x0000000080a00000|100%| O|  |TAMS 0x0000000080a00000, 0x0000000080900000| Untracked 
|  10|0x0000000080a00000, 0x0000000080b00000, 0x0000000080b00000|100%| O|  |TAMS 0x0000000080b00000, 0x0000000080a00000| Untracked 
|  11|0x0000000080b00000, 0x0000000080c00000, 0x0000000080c00000|100%| O|  |TAMS 0x0000000080c00000, 0x0000000080b00000| Untracked 
|  12|0x0000000080c00000, 0x0000000080d00000, 0x0000000080d00000|100%| O|  |TAMS 0x0000000080d00000, 0x0000000080c00000| Untracked 
|  13|0x0000000080d00000, 0x0000000080e00000, 0x0000000080e00000|100%| O|  |TAMS 0x0000000080e00000, 0x0000000080d00000| Untracked 
|  14|0x0000000080e00000, 0x0000000080f00000, 0x0000000080f00000|100%| O|  |TAMS 0x0000000080f00000, 0x0000000080e00000| Untracked 
|  15|0x0000000080f00000, 0x0000000081000000, 0x0000000081000000|100%| O|  |TAMS 0x0000000081000000, 0x0000000080f00000| Untracked 
|  16|0x0000000081000000, 0x0000000081100000, 0x0000000081100000|100%| O|  |TAMS 0x0000000081100000, 0x0000000081000000| Untracked 
|  17|0x0000000081100000, 0x0000000081200000, 0x0000000081200000|100%| O|  |TAMS 0x0000000081200000, 0x0000000081100000| Untracked 
|  18|0x0000000081200000, 0x0000000081300000, 0x0000000081300000|100%| O|  |TAMS 0x0000000081300000, 0x0000000081200000| Untracked 
|  19|0x0000000081300000, 0x0000000081400000, 0x0000000081400000|100%| O|  |TAMS 0x0000000081400000, 0x0000000081300000| Untracked 
|  20|0x0000000081400000, 0x0000000081500000, 0x0000000081500000|100%| O|  |TAMS 0x0000000081500000, 0x0000000081400000| Untracked 
|  21|0x0000000081500000, 0x0000000081600000, 0x0000000081600000|100%| O|  |TAMS 0x0000000081600000, 0x0000000081500000| Untracked 
|  22|0x0000000081600000, 0x0000000081700000, 0x0000000081700000|100%| O|  |TAMS 0x0000000081700000, 0x0000000081600000| Untracked 
|  23|0x0000000081700000, 0x0000000081800000, 0x0000000081800000|100%| O|  |TAMS 0x0000000081800000, 0x0000000081700000| Untracked 
|  24|0x0000000081800000, 0x0000000081900000, 0x0000000081900000|100%| O|  |TAMS 0x0000000081900000, 0x0000000081800000| Untracked 
|  25|0x0000000081900000, 0x0000000081a00000, 0x0000000081a00000|100%| O|  |TAMS 0x0000000081a00000, 0x0000000081900000| Untracked 
|  26|0x0000000081a00000, 0x0000000081b00000, 0x0000000081b00000|100%| O|  |TAMS 0x0000000081b00000, 0x0000000081a00000| Untracked 
|  27|0x0000000081b00000, 0x0000000081c00000, 0x0000000081c00000|100%| O|  |TAMS 0x0000000081c00000, 0x0000000081b00000| Untracked 
|  28|0x0000000081c00000, 0x0000000081d00000, 0x0000000081d00000|100%| O|  |TAMS 0x0000000081d00000, 0x0000000081c00000| Untracked 
|  29|0x0000000081d00000, 0x0000000081e00000, 0x0000000081e00000|100%| O|  |TAMS 0x0000000081e00000, 0x0000000081d00000| Untracked 
|  30|0x0000000081e00000, 0x0000000081f00000, 0x0000000081f00000|100%|HS|  |TAMS 0x0000000081e00000, 0x0000000081e00000| Complete 
|  31|0x0000000081f00000, 0x0000000082000000, 0x0000000082000000|100%| O|  |TAMS 0x0000000082000000, 0x0000000081f00000| Untracked 
|  32|0x0000000082000000, 0x0000000082100000, 0x0000000082100000|100%| O|  |TAMS 0x0000000082100000, 0x0000000082000000| Untracked 
|  33|0x0000000082100000, 0x0000000082200000, 0x0000000082200000|100%|HS|  |TAMS 0x0000000082100000, 0x0000000082100000| Complete 
|  34|0x0000000082200000, 0x0000000082300000, 0x0000000082300000|100%| O|  |TAMS 0x0000000082300000, 0x0000000082200000| Untracked 
|  35|0x0000000082300000, 0x0000000082400000, 0x0000000082400000|100%| O|  |TAMS 0x0000000082400000, 0x0000000082300000| Untracked 
|  36|0x0000000082400000, 0x0000000082500000, 0x0000000082500000|100%| O|  |TAMS 0x0000000082500000, 0x0000000082400000| Untracked 
|  37|0x0000000082500000, 0x0000000082600000, 0x0000000082600000|100%| O|  |TAMS 0x0000000082600000, 0x0000000082500000| Untracked 
|  38|0x0000000082600000, 0x0000000082700000, 0x0000000082700000|100%| O|  |TAMS 0x0000000082700000, 0x0000000082600000| Untracked 
|  39|0x0000000082700000, 0x0000000082800000, 0x0000000082800000|100%| O|  |TAMS 0x0000000082800000, 0x0000000082700000| Untracked 
|  40|0x0000000082800000, 0x0000000082900000, 0x0000000082900000|100%|HS|  |TAMS 0x0000000082900000, 0x0000000082800000| Complete 
|  41|0x0000000082900000, 0x0000000082a00000, 0x0000000082a00000|100%|HS|  |TAMS 0x0000000082a00000, 0x0000000082900000| Complete 
|  42|0x0000000082a00000, 0x0000000082b00000, 0x0000000082b00000|100%|HS|  |TAMS 0x0000000082b00000, 0x0000000082a00000| Complete 
|  43|0x0000000082b00000, 0x0000000082c00000, 0x0000000082c00000|100%|HS|  |TAMS 0x0000000082c00000, 0x0000000082b00000| Complete 
|  44|0x0000000082c00000, 0x0000000082d00000, 0x0000000082d00000|100%| O|  |TAMS 0x0000000082d00000, 0x0000000082c00000| Untracked 
|  45|0x0000000082d00000, 0x0000000082e00000, 0x0000000082e00000|100%|HS|  |TAMS 0x0000000082e00000, 0x0000000082d00000| Complete 
|  46|0x0000000082e00000, 0x0000000082f00000, 0x0000000082f00000|100%| O|  |TAMS 0x0000000082f00000, 0x0000000082e00000| Untracked 
|  47|0x0000000082f00000, 0x0000000083000000, 0x0000000083000000|100%| O|  |TAMS 0x0000000083000000, 0x0000000082f00000| Untracked 
|  48|0x0000000083000000, 0x0000000083100000, 0x0000000083100000|100%| O|  |TAMS 0x0000000083100000, 0x0000000083000000| Untracked 
|  49|0x0000000083100000, 0x0000000083200000, 0x0000000083200000|100%| O|  |TAMS 0x0000000083200000, 0x0000000083100000| Untracked 
|  50|0x0000000083200000, 0x0000000083300000, 0x0000000083300000|100%| O|  |TAMS 0x0000000083300000, 0x0000000083200000| Untracked 
|  51|0x0000000083300000, 0x0000000083400000, 0x0000000083400000|100%| O|  |TAMS 0x00000000833de400, 0x0000000083300000| Untracked 
|  52|0x0000000083400000, 0x0000000083500000, 0x0000000083500000|100%| O|  |TAMS 0x0000000083400000, 0x0000000083400000| Untracked 
|  53|0x0000000083500000, 0x0000000083549200, 0x0000000083600000| 28%| O|  |TAMS 0x0000000083500000, 0x0000000083500000| Untracked 
|  54|0x0000000083600000, 0x0000000083700000, 0x0000000083700000|100%|HS|  |TAMS 0x0000000083600000, 0x0000000083600000| Complete 
|  55|0x0000000083700000, 0x0000000083800000, 0x0000000083800000|100%|HS|  |TAMS 0x0000000083700000, 0x0000000083700000| Complete 
|  56|0x0000000083800000, 0x0000000083900000, 0x0000000083900000|100%|HS|  |TAMS 0x0000000083800000, 0x0000000083800000| Complete 
|  57|0x0000000083900000, 0x0000000083a00000, 0x0000000083a00000|100%|HS|  |TAMS 0x0000000083900000, 0x0000000083900000| Complete 
|  58|0x0000000083a00000, 0x0000000083a00000, 0x0000000083b00000|  0%| F|  |TAMS 0x0000000083a00000, 0x0000000083a00000| Untracked 
|  59|0x0000000083b00000, 0x0000000083b00000, 0x0000000083c00000|  0%| F|  |TAMS 0x0000000083b00000, 0x0000000083b00000| Untracked 
|  60|0x0000000083c00000, 0x0000000083c00000, 0x0000000083d00000|  0%| F|  |TAMS 0x0000000083c00000, 0x0000000083c00000| Untracked 
|  61|0x0000000083d00000, 0x0000000083d00000, 0x0000000083e00000|  0%| F|  |TAMS 0x0000000083d00000, 0x0000000083d00000| Untracked 
|  62|0x0000000083e00000, 0x0000000083e00000, 0x0000000083f00000|  0%| F|  |TAMS 0x0000000083e00000, 0x0000000083e00000| Untracked 
|  63|0x0000000083f00000, 0x0000000083f00000, 0x0000000084000000|  0%| F|  |TAMS 0x0000000083f00000, 0x0000000083f00000| Untracked 
|  64|0x0000000084000000, 0x0000000084000000, 0x0000000084100000|  0%| F|  |TAMS 0x0000000084000000, 0x0000000084000000| Untracked 
|  65|0x0000000084100000, 0x0000000084100000, 0x0000000084200000|  0%| F|  |TAMS 0x0000000084100000, 0x0000000084100000| Untracked 
|  66|0x0000000084200000, 0x0000000084200000, 0x0000000084300000|  0%| F|  |TAMS 0x0000000084200000, 0x0000000084200000| Untracked 
|  67|0x0000000084300000, 0x0000000084300000, 0x0000000084400000|  0%| F|  |TAMS 0x0000000084300000, 0x0000000084300000| Untracked 
|  68|0x0000000084400000, 0x0000000084400000, 0x0000000084500000|  0%| F|  |TAMS 0x0000000084400000, 0x0000000084400000| Untracked 
|  69|0x0000000084500000, 0x0000000084500000, 0x0000000084600000|  0%| F|  |TAMS 0x0000000084500000, 0x0000000084500000| Untracked 
|  70|0x0000000084600000, 0x0000000084600000, 0x0000000084700000|  0%| F|  |TAMS 0x0000000084600000, 0x0000000084600000| Untracked 
|  71|0x0000000084700000, 0x0000000084700000, 0x0000000084800000|  0%| F|  |TAMS 0x0000000084700000, 0x0000000084700000| Untracked 
|  72|0x0000000084800000, 0x0000000084800000, 0x0000000084900000|  0%| F|  |TAMS 0x0000000084800000, 0x0000000084800000| Untracked 
|  73|0x0000000084900000, 0x0000000084900000, 0x0000000084a00000|  0%| F|  |TAMS 0x0000000084900000, 0x0000000084900000| Untracked 
|  74|0x0000000084a00000, 0x0000000084a00000, 0x0000000084b00000|  0%| F|  |TAMS 0x0000000084a00000, 0x0000000084a00000| Untracked 
|  75|0x0000000084b00000, 0x0000000084b00000, 0x0000000084c00000|  0%| F|  |TAMS 0x0000000084b00000, 0x0000000084b00000| Untracked 
|  76|0x0000000084c00000, 0x0000000084c00000, 0x0000000084d00000|  0%| F|  |TAMS 0x0000000084c00000, 0x0000000084c00000| Untracked 
|  77|0x0000000084d00000, 0x0000000084d00000, 0x0000000084e00000|  0%| F|  |TAMS 0x0000000084d00000, 0x0000000084d00000| Untracked 
|  78|0x0000000084e00000, 0x0000000084e00000, 0x0000000084f00000|  0%| F|  |TAMS 0x0000000084e00000, 0x0000000084e00000| Untracked 
|  79|0x0000000084f00000, 0x0000000084f00000, 0x0000000085000000|  0%| F|  |TAMS 0x0000000084f00000, 0x0000000084f00000| Untracked 
|  80|0x0000000085000000, 0x00000000850e97d0, 0x0000000085100000| 91%| S|CS|TAMS 0x0000000085000000, 0x0000000085000000| Complete 
|  81|0x0000000085100000, 0x0000000085200000, 0x0000000085200000|100%| S|CS|TAMS 0x0000000085100000, 0x0000000085100000| Complete 
|  82|0x0000000085200000, 0x0000000085200000, 0x0000000085300000|  0%| F|  |TAMS 0x0000000085200000, 0x0000000085200000| Untracked 
|  83|0x0000000085300000, 0x0000000085300000, 0x0000000085400000|  0%| F|  |TAMS 0x0000000085300000, 0x0000000085300000| Untracked 
|  84|0x0000000085400000, 0x0000000085400000, 0x0000000085500000|  0%| F|  |TAMS 0x0000000085400000, 0x0000000085400000| Untracked 
|  85|0x0000000085500000, 0x0000000085500000, 0x0000000085600000|  0%| F|  |TAMS 0x0000000085500000, 0x0000000085500000| Untracked 
|  86|0x0000000085600000, 0x0000000085600000, 0x0000000085700000|  0%| F|  |TAMS 0x0000000085600000, 0x0000000085600000| Untracked 
|  87|0x0000000085700000, 0x0000000085785108, 0x0000000085800000| 51%| E|  |TAMS 0x0000000085700000, 0x0000000085700000| Complete 
|  88|0x0000000085800000, 0x0000000085900000, 0x0000000085900000|100%| E|CS|TAMS 0x0000000085800000, 0x0000000085800000| Complete 
|  89|0x0000000085900000, 0x0000000085a00000, 0x0000000085a00000|100%| E|CS|TAMS 0x0000000085900000, 0x0000000085900000| Complete 
|  90|0x0000000085a00000, 0x0000000085b00000, 0x0000000085b00000|100%| E|CS|TAMS 0x0000000085a00000, 0x0000000085a00000| Complete 
|  91|0x0000000085b00000, 0x0000000085c00000, 0x0000000085c00000|100%| E|CS|TAMS 0x0000000085b00000, 0x0000000085b00000| Complete 
|  92|0x0000000085c00000, 0x0000000085d00000, 0x0000000085d00000|100%| E|CS|TAMS 0x0000000085c00000, 0x0000000085c00000| Complete 
|  93|0x0000000085d00000, 0x0000000085e00000, 0x0000000085e00000|100%| E|CS|TAMS 0x0000000085d00000, 0x0000000085d00000| Complete 
|  94|0x0000000085e00000, 0x0000000085f00000, 0x0000000085f00000|100%| E|CS|TAMS 0x0000000085e00000, 0x0000000085e00000| Complete 
|  95|0x0000000085f00000, 0x0000000086000000, 0x0000000086000000|100%| E|CS|TAMS 0x0000000085f00000, 0x0000000085f00000| Complete 
|  96|0x0000000086000000, 0x0000000086100000, 0x0000000086100000|100%| E|CS|TAMS 0x0000000086000000, 0x0000000086000000| Complete 
|  97|0x0000000086100000, 0x0000000086200000, 0x0000000086200000|100%| E|CS|TAMS 0x0000000086100000, 0x0000000086100000| Complete 
|  98|0x0000000086200000, 0x0000000086300000, 0x0000000086300000|100%| E|CS|TAMS 0x0000000086200000, 0x0000000086200000| Complete 
|  99|0x0000000086300000, 0x0000000086400000, 0x0000000086400000|100%| E|CS|TAMS 0x0000000086300000, 0x0000000086300000| Complete 
| 100|0x0000000086400000, 0x0000000086500000, 0x0000000086500000|100%| E|CS|TAMS 0x0000000086400000, 0x0000000086400000| Complete 
| 101|0x0000000086500000, 0x0000000086600000, 0x0000000086600000|100%| E|CS|TAMS 0x0000000086500000, 0x0000000086500000| Complete 
| 102|0x0000000086600000, 0x0000000086700000, 0x0000000086700000|100%| E|CS|TAMS 0x0000000086600000, 0x0000000086600000| Complete 
| 103|0x0000000086700000, 0x0000000086800000, 0x0000000086800000|100%| E|CS|TAMS 0x0000000086700000, 0x0000000086700000| Complete 
| 104|0x0000000086800000, 0x0000000086900000, 0x0000000086900000|100%| E|CS|TAMS 0x0000000086800000, 0x0000000086800000| Complete 
| 105|0x0000000086900000, 0x0000000086a00000, 0x0000000086a00000|100%| E|CS|TAMS 0x0000000086900000, 0x0000000086900000| Complete 
| 106|0x0000000086a00000, 0x0000000086b00000, 0x0000000086b00000|100%| E|CS|TAMS 0x0000000086a00000, 0x0000000086a00000| Complete 
| 107|0x0000000086b00000, 0x0000000086c00000, 0x0000000086c00000|100%| E|CS|TAMS 0x0000000086b00000, 0x0000000086b00000| Complete 
| 108|0x0000000086c00000, 0x0000000086d00000, 0x0000000086d00000|100%| E|CS|TAMS 0x0000000086c00000, 0x0000000086c00000| Complete 
| 109|0x0000000086d00000, 0x0000000086e00000, 0x0000000086e00000|100%| E|CS|TAMS 0x0000000086d00000, 0x0000000086d00000| Complete 
| 110|0x0000000086e00000, 0x0000000086f00000, 0x0000000086f00000|100%| E|CS|TAMS 0x0000000086e00000, 0x0000000086e00000| Complete 
| 111|0x0000000086f00000, 0x0000000087000000, 0x0000000087000000|100%| E|CS|TAMS 0x0000000086f00000, 0x0000000086f00000| Complete 
| 112|0x0000000087000000, 0x0000000087100000, 0x0000000087100000|100%| E|CS|TAMS 0x0000000087000000, 0x0000000087000000| Complete 
| 113|0x0000000087100000, 0x0000000087200000, 0x0000000087200000|100%| E|CS|TAMS 0x0000000087100000, 0x0000000087100000| Complete 
| 114|0x0000000087200000, 0x0000000087300000, 0x0000000087300000|100%| E|CS|TAMS 0x0000000087200000, 0x0000000087200000| Complete 
| 115|0x0000000087300000, 0x0000000087400000, 0x0000000087400000|100%| E|CS|TAMS 0x0000000087300000, 0x0000000087300000| Complete 
| 116|0x0000000087400000, 0x0000000087500000, 0x0000000087500000|100%| E|CS|TAMS 0x0000000087400000, 0x0000000087400000| Complete 
| 117|0x0000000087500000, 0x0000000087600000, 0x0000000087600000|100%| E|CS|TAMS 0x0000000087500000, 0x0000000087500000| Complete 
| 125|0x0000000087d00000, 0x0000000087e00000, 0x0000000087e00000|100%| E|CS|TAMS 0x0000000087d00000, 0x0000000087d00000| Complete 

Card table byte_map: [0x0000021fb5ab0000,0x0000021fb5eb0000] _byte_map_base: 0x0000021fb56b0000

Marking Bits (Prev, Next): (CMBitMap*) 0x0000021fa2f068f0, (CMBitMap*) 0x0000021fa2f06930
 Prev Bits: [0x0000021fb62b0000, 0x0000021fb82b0000)
 Next Bits: [0x0000021fb82b0000, 0x0000021fba2b0000)

Polling page: 0x0000021fa0de0000

Metaspace:

Usage:
  Non-class:     57.75 MB used.
      Class:      9.09 MB used.
       Both:     66.84 MB used.

Virtual space:
  Non-class space:       64.00 MB reserved,      58.06 MB ( 91%) committed,  1 nodes.
      Class space:        1.00 GB reserved,       9.31 MB ( <1%) committed,  1 nodes.
             Both:        1.06 GB reserved,      67.38 MB (  6%) committed. 

Chunk freelists:
   Non-Class:  5.28 MB
       Class:  6.57 MB
        Both:  11.85 MB

MaxMetaspaceSize: unlimited
CompressedClassSpaceSize: 1.00 GB
Initial GC threshold: 21.00 MB
Current GC threshold: 95.94 MB
CDS: off
MetaspaceReclaimPolicy: balanced
 - commit_granule_bytes: 65536.
 - commit_granule_words: 8192.
 - virtual_space_node_default_size: 8388608.
 - enlarge_chunks_in_place: 1.
 - new_chunks_are_fully_committed: 0.
 - uncommit_free_chunks: 1.
 - use_allocation_guard: 0.
 - handle_deallocations: 1.


Internal statistics:

num_allocs_failed_limit: 6.
num_arena_births: 772.
num_arena_deaths: 0.
num_vsnodes_births: 2.
num_vsnodes_deaths: 0.
num_space_committed: 1078.
num_space_uncommitted: 0.
num_chunks_returned_to_freelist: 6.
num_chunks_taken_from_freelist: 3178.
num_chunk_merges: 6.
num_chunk_splits: 2068.
num_chunks_enlarged: 1374.
num_inconsistent_stats: 0.

CodeHeap 'non-profiled nmethods': size=120000Kb used=3450Kb max_used=3450Kb free=116549Kb
 bounds [0x0000021fade50000, 0x0000021fae1b0000, 0x0000021fb5380000]
CodeHeap 'profiled nmethods': size=120000Kb used=12451Kb max_used=12451Kb free=107548Kb
 bounds [0x0000021fa6380000, 0x0000021fa6fb0000, 0x0000021fad8b0000]
CodeHeap 'non-nmethods': size=5760Kb used=1664Kb max_used=1694Kb free=4095Kb
 bounds [0x0000021fad8b0000, 0x0000021fadb20000, 0x0000021fade50000]
 total_blobs=7335 nmethods=6601 adapters=646
 compilation: enabled
              stopped_count=0, restarted_count=0
 full_count=0

Compilation events (20 events):
Event: 29.473 Thread 0x0000021fc1045b40 7336       2       jdk.internal.loader.URLClassPath$JarLoader$2::getBytes (48 bytes)
Event: 29.474 Thread 0x0000021fc1045b40 nmethod 7336 0x0000021fa6f89b90 code [0x0000021fa6f89d60, 0x0000021fa6f8a068]
Event: 29.474 Thread 0x0000021fc1045b40 7337   !   3       java.util.jar.JarFile$JarFileEntry::getCodeSigners (81 bytes)
Event: 29.474 Thread 0x0000021fc1045b40 nmethod 7337 0x0000021fa6f8a290 code [0x0000021fa6f8a4a0, 0x0000021fa6f8aa48]
Event: 29.475 Thread 0x0000021fc1045b40 7338       3       jdk.internal.loader.URLClassPath$JarLoader$2::getCodeSigners (8 bytes)
Event: 29.475 Thread 0x0000021fc1045b40 nmethod 7338 0x0000021fa6f8ac90 code [0x0000021fa6f8ae40, 0x0000021fa6f8b008]
Event: 29.477 Thread 0x0000021fc1045b40 7339       3       java.security.SecureClassLoader$CodeSourceKey::equals (60 bytes)
Event: 29.478 Thread 0x0000021fc1045b40 nmethod 7339 0x0000021fa6f8b110 code [0x0000021fa6f8b300, 0x0000021fa6f8b938]
Event: 29.478 Thread 0x0000021fc1045b40 7340       3       java.security.CodeSource::matchCerts (254 bytes)
Event: 29.478 Thread 0x0000021fc1045b40 nmethod 7340 0x0000021fa6f8bb10 code [0x0000021fa6f8bd80, 0x0000021fa6f8c918]
Event: 29.489 Thread 0x0000021fc1045b40 7341       3       java.security.ProtectionDomain$Key::<init> (5 bytes)
Event: 29.489 Thread 0x0000021fc1045b40 nmethod 7341 0x0000021fa6f8cd10 code [0x0000021fa6f8cea0, 0x0000021fa6f8cff8]
Event: 29.490 Thread 0x0000021fc512a860 nmethod 7331 0x0000021fae1a3490 code [0x0000021fae1a3700, 0x0000021fae1a5b30]
Event: 29.490 Thread 0x0000021fc512a860 7332       4       java.util.zip.ZipFile$ZipFileInputStream::<init> (96 bytes)
Event: 29.493 Thread 0x0000021fc512a860 nmethod 7332 0x0000021fae1a6c90 code [0x0000021fae1a6e20, 0x0000021fae1a71b8]
Event: 29.493 Thread 0x0000021fc512a860 7333       4       java.lang.ClassLoader::preDefineClass (118 bytes)
Event: 29.496 Thread 0x0000021fc1045b40 7342       3       kotlin.jvm.internal.Lambda::<init> (10 bytes)
Event: 29.496 Thread 0x0000021fc1045b40 nmethod 7342 0x0000021fa6f8d090 code [0x0000021fa6f8d220, 0x0000021fa6f8d398]
Event: 29.519 Thread 0x0000021fc512a860 nmethod 7333 0x0000021fae1a7410 code [0x0000021fae1a7640, 0x0000021fae1a89c0]
Event: 29.519 Thread 0x0000021fc512a860 7334       4       java.lang.ClassLoader::checkCerts (121 bytes)

GC Heap History (20 events):
Event: 21.471 GC heap before
{Heap before GC invocations=19 (full 0):
 garbage-first heap   total 71680K, used 56712K [0x0000000080000000, 0x0000000100000000)
  region size 1024K, 25 young (25600K), 4 survivors (4096K)
 Metaspace       used 56486K, committed 56960K, reserved 1114112K
  class space    used 7777K, committed 8000K, reserved 1048576K
}
Event: 21.476 GC heap after
{Heap after GC invocations=20 (full 0):
 garbage-first heap   total 71680K, used 39743K [0x0000000080000000, 0x0000000100000000)
  region size 1024K, 4 young (4096K), 4 survivors (4096K)
 Metaspace       used 56486K, committed 56960K, reserved 1114112K
  class space    used 7777K, committed 8000K, reserved 1048576K
}
Event: 21.745 GC heap before
{Heap before GC invocations=21 (full 0):
 garbage-first heap   total 71680K, used 57151K [0x0000000080000000, 0x0000000100000000)
  region size 1024K, 22 young (22528K), 4 survivors (4096K)
 Metaspace       used 56650K, committed 57152K, reserved 1114112K
  class space    used 7777K, committed 8000K, reserved 1048576K
}
Event: 21.749 GC heap after
{Heap after GC invocations=22 (full 0):
 garbage-first heap   total 71680K, used 41632K [0x0000000080000000, 0x0000000100000000)
  region size 1024K, 3 young (3072K), 3 survivors (3072K)
 Metaspace       used 56650K, committed 57152K, reserved 1114112K
  class space    used 7777K, committed 8000K, reserved 1048576K
}
Event: 21.942 GC heap before
{Heap before GC invocations=22 (full 0):
 garbage-first heap   total 71680K, used 51872K [0x0000000080000000, 0x0000000100000000)
  region size 1024K, 14 young (14336K), 3 survivors (3072K)
 Metaspace       used 57014K, committed 57536K, reserved 1114112K
  class space    used 7817K, committed 8064K, reserved 1048576K
}
Event: 21.944 GC heap after
{Heap after GC invocations=23 (full 0):
 garbage-first heap   total 71680K, used 42489K [0x0000000080000000, 0x0000000100000000)
  region size 1024K, 3 young (3072K), 3 survivors (3072K)
 Metaspace       used 57014K, committed 57536K, reserved 1114112K
  class space    used 7817K, committed 8064K, reserved 1048576K
}
Event: 22.461 GC heap before
{Heap before GC invocations=24 (full 0):
 garbage-first heap   total 76800K, used 60921K [0x0000000080000000, 0x0000000100000000)
  region size 1024K, 16 young (16384K), 3 survivors (3072K)
 Metaspace       used 57556K, committed 58048K, reserved 1114112K
  class space    used 7917K, committed 8128K, reserved 1048576K
}
Event: 22.463 GC heap after
{Heap after GC invocations=25 (full 0):
 garbage-first heap   total 76800K, used 52812K [0x0000000080000000, 0x0000000100000000)
  region size 1024K, 2 young (2048K), 2 survivors (2048K)
 Metaspace       used 57556K, committed 58048K, reserved 1114112K
  class space    used 7917K, committed 8128K, reserved 1048576K
}
Event: 22.481 GC heap before
{Heap before GC invocations=25 (full 0):
 garbage-first heap   total 76800K, used 53836K [0x0000000080000000, 0x0000000100000000)
  region size 1024K, 3 young (3072K), 2 survivors (2048K)
 Metaspace       used 57669K, committed 58240K, reserved 1114112K
  class space    used 7928K, committed 8192K, reserved 1048576K
}
Event: 22.483 GC heap after
{Heap after GC invocations=26 (full 0):
 garbage-first heap   total 76800K, used 52297K [0x0000000080000000, 0x0000000100000000)
  region size 1024K, 1 young (1024K), 1 survivors (1024K)
 Metaspace       used 57669K, committed 58240K, reserved 1114112K
  class space    used 7928K, committed 8192K, reserved 1048576K
}
Event: 22.602 GC heap before
{Heap before GC invocations=26 (full 0):
 garbage-first heap   total 76800K, used 59465K [0x0000000080000000, 0x0000000100000000)
  region size 1024K, 9 young (9216K), 1 survivors (1024K)
 Metaspace       used 58319K, committed 58880K, reserved 1114112K
  class space    used 8016K, committed 8256K, reserved 1048576K
}
Event: 22.603 GC heap after
{Heap after GC invocations=27 (full 0):
 garbage-first heap   total 76800K, used 52409K [0x0000000080000000, 0x0000000100000000)
  region size 1024K, 1 young (1024K), 1 survivors (1024K)
 Metaspace       used 58319K, committed 58880K, reserved 1114112K
  class space    used 8016K, committed 8256K, reserved 1048576K
}
Event: 22.750 GC heap before
{Heap before GC invocations=28 (full 0):
 garbage-first heap   total 94208K, used 61625K [0x0000000080000000, 0x0000000100000000)
  region size 1024K, 10 young (10240K), 1 survivors (1024K)
 Metaspace       used 58894K, committed 59392K, reserved 1114112K
  class space    used 8089K, committed 8320K, reserved 1048576K
}
Event: 22.751 GC heap after
{Heap after GC invocations=29 (full 0):
 garbage-first heap   total 94208K, used 54137K [0x0000000080000000, 0x0000000100000000)
  region size 1024K, 1 young (1024K), 1 survivors (1024K)
 Metaspace       used 58894K, committed 59392K, reserved 1114112K
  class space    used 8089K, committed 8320K, reserved 1048576K
}
Event: 22.799 GC heap before
{Heap before GC invocations=29 (full 0):
 garbage-first heap   total 94208K, used 56185K [0x0000000080000000, 0x0000000100000000)
  region size 1024K, 4 young (4096K), 1 survivors (1024K)
 Metaspace       used 59170K, committed 59712K, reserved 1114112K
  class space    used 8117K, committed 8384K, reserved 1048576K
}
Event: 22.801 GC heap after
{Heap after GC invocations=30 (full 0):
 garbage-first heap   total 121856K, used 53615K [0x0000000080000000, 0x0000000100000000)
  region size 1024K, 1 young (1024K), 1 survivors (1024K)
 Metaspace       used 59170K, committed 59712K, reserved 1114112K
  class space    used 8117K, committed 8384K, reserved 1048576K
}
Event: 24.947 GC heap before
{Heap before GC invocations=30 (full 0):
 garbage-first heap   total 121856K, used 87407K [0x0000000080000000, 0x0000000100000000)
  region size 1024K, 34 young (34816K), 1 survivors (1024K)
 Metaspace       used 62151K, committed 62720K, reserved 1114112K
  class space    used 8469K, committed 8704K, reserved 1048576K
}
Event: 24.952 GC heap after
{Heap after GC invocations=31 (full 0):
 garbage-first heap   total 121856K, used 54766K [0x0000000080000000, 0x0000000100000000)
  region size 1024K, 2 young (2048K), 2 survivors (2048K)
 Metaspace       used 62151K, committed 62720K, reserved 1114112K
  class space    used 8469K, committed 8704K, reserved 1048576K
}
Event: 28.699 GC heap before
{Heap before GC invocations=31 (full 0):
 garbage-first heap   total 121856K, used 90606K [0x0000000080000000, 0x0000000100000000)
  region size 1024K, 37 young (37888K), 2 survivors (2048K)
 Metaspace       used 65915K, committed 66496K, reserved 1114112K
  class space    used 9002K, committed 9280K, reserved 1048576K
}
Event: 28.705 GC heap after
{Heap after GC invocations=32 (full 0):
 garbage-first heap   total 121856K, used 55498K [0x0000000080000000, 0x0000000100000000)
  region size 1024K, 2 young (2048K), 2 survivors (2048K)
 Metaspace       used 65915K, committed 66496K, reserved 1114112K
  class space    used 9002K, committed 9280K, reserved 1048576K
}

Dll operation events (3 events):
Event: 0.018 Loaded shared library C:\Program Files\Android\Android Studio\jbr\bin\java.dll
Event: 0.156 Loaded shared library C:\Program Files\Android\Android Studio\jbr\bin\zip.dll
Event: 0.558 Loaded shared library C:\Program Files\Android\Android Studio\jbr\bin\verify.dll

Deoptimization events (20 events):
Event: 29.328 Thread 0x0000021fc1103fb0 DEOPT PACKING pc=0x0000021fa6f7de38 sp=0x00000041ca2f2090
Event: 29.328 Thread 0x0000021fc1103fb0 DEOPT UNPACKING pc=0x0000021fad90ace3 sp=0x00000041ca2f1510 mode 0
Event: 29.328 Thread 0x0000021fc1103fb0 DEOPT PACKING pc=0x0000021fa6f7de38 sp=0x00000041ca2f2090
Event: 29.328 Thread 0x0000021fc1103fb0 DEOPT UNPACKING pc=0x0000021fad90ace3 sp=0x00000041ca2f1510 mode 0
Event: 29.328 Thread 0x0000021fc1103fb0 DEOPT PACKING pc=0x0000021fa6f6fdb8 sp=0x00000041ca2f20c0
Event: 29.328 Thread 0x0000021fc1103fb0 DEOPT UNPACKING pc=0x0000021fad90ace3 sp=0x00000041ca2f1540 mode 0
Event: 29.328 Thread 0x0000021fc1103fb0 DEOPT PACKING pc=0x0000021fa6f7de38 sp=0x00000041ca2f2090
Event: 29.328 Thread 0x0000021fc1103fb0 DEOPT UNPACKING pc=0x0000021fad90ace3 sp=0x00000041ca2f1510 mode 0
Event: 29.328 Thread 0x0000021fc1103fb0 DEOPT PACKING pc=0x0000021fa6f6f5e6 sp=0x00000041ca2f1fb0
Event: 29.328 Thread 0x0000021fc1103fb0 DEOPT UNPACKING pc=0x0000021fad90ace3 sp=0x00000041ca2f1430 mode 0
Event: 29.328 Thread 0x0000021fc1103fb0 DEOPT PACKING pc=0x0000021fa6f7de38 sp=0x00000041ca2f2090
Event: 29.328 Thread 0x0000021fc1103fb0 DEOPT UNPACKING pc=0x0000021fad90ace3 sp=0x00000041ca2f1510 mode 0
Event: 29.328 Thread 0x0000021fc1103fb0 DEOPT PACKING pc=0x0000021fa6f7de38 sp=0x00000041ca2f2090
Event: 29.328 Thread 0x0000021fc1103fb0 DEOPT UNPACKING pc=0x0000021fad90ace3 sp=0x00000041ca2f1510 mode 0
Event: 29.329 Thread 0x0000021fc1103fb0 DEOPT PACKING pc=0x0000021fa6f7de38 sp=0x00000041ca2f2090
Event: 29.329 Thread 0x0000021fc1103fb0 DEOPT UNPACKING pc=0x0000021fad90ace3 sp=0x00000041ca2f1510 mode 0
Event: 29.329 Thread 0x0000021fc1103fb0 DEOPT PACKING pc=0x0000021fa6f7de38 sp=0x00000041ca2f2090
Event: 29.329 Thread 0x0000021fc1103fb0 DEOPT UNPACKING pc=0x0000021fad90ace3 sp=0x00000041ca2f1510 mode 0
Event: 29.329 Thread 0x0000021fc1103fb0 DEOPT PACKING pc=0x0000021fa6f7de38 sp=0x00000041ca2f22e0
Event: 29.329 Thread 0x0000021fc1103fb0 DEOPT UNPACKING pc=0x0000021fad90ace3 sp=0x00000041ca2f1760 mode 0

Classes unloaded (0 events):
No events

Classes redefined (0 events):
No events

Internal exceptions (20 events):
Event: 21.322 Thread 0x0000021fc1103fb0 Exception <a 'java/lang/NoSuchMethodError'{0x0000000083953048}: 'java.lang.Object java.lang.invoke.DirectMethodHandle$Holder.newInvokeSpecial(java.lang.Object, java.lang.Object, java.lang.Object, java.lang.Object, int, java.lang.Object)'> (0x0000000083953048) 
thrown [s\src\hotspot\share\interpreter\linkResolver.cpp, line 771]
Event: 21.322 Thread 0x0000021fc1103fb0 Exception <a 'java/lang/NoSuchMethodError'{0x00000000839583a0}: 'java.lang.Object java.lang.invoke.Invokers$Holder.linkToTargetMethod(java.lang.Object, java.lang.Object, java.lang.Object, int, java.lang.Object, java.lang.Object)'> (0x00000000839583a0) 
thrown [s\src\hotspot\share\interpreter\linkResolver.cpp, line 771]
Event: 21.816 Thread 0x0000021fc1103fb0 Exception <a 'java/lang/NoSuchMethodError'{0x0000000084650ac8}: 'long java.lang.invoke.DirectMethodHandle$Holder.invokeVirtual(java.lang.Object, java.lang.Object)'> (0x0000000084650ac8) 
thrown [s\src\hotspot\share\interpreter\linkResolver.cpp, line 771]
Event: 21.818 Thread 0x0000021fc1101220 Exception <a 'java/lang/NoSuchMethodError'{0x000000008468ad58}: static Lorg/gradle/internal/build/event/types/DefaultOperationFinishedProgressEvent;.<clinit>()V> (0x000000008468ad58) 
thrown [s\src\hotspot\share\prims\jni.cpp, line 1127]
Event: 21.820 Thread 0x0000021fc1101220 Exception <a 'java/lang/NoSuchMethodError'{0x00000000846b5630}: static Lorg/gradle/internal/build/event/types/DefaultProjectConfigurationSuccessResult;.<clinit>()V> (0x00000000846b5630) 
thrown [s\src\hotspot\share\prims\jni.cpp, line 1127]
Event: 21.820 Thread 0x0000021fc1101220 Exception <a 'java/lang/NoSuchMethodError'{0x00000000846e5080}: static Lorg/gradle/internal/build/event/types/AbstractProjectConfigurationResult;.<clinit>()V> (0x00000000846e5080) 
thrown [s\src\hotspot\share\prims\jni.cpp, line 1127]
Event: 21.820 Thread 0x0000021fc1101220 Exception <a 'java/lang/NoSuchMethodError'{0x00000000846e67c8}: static Lorg/gradle/internal/build/event/types/AbstractOperationResult;.<clinit>()V> (0x00000000846e67c8) 
thrown [s\src\hotspot\share\prims\jni.cpp, line 1127]
Event: 21.820 Thread 0x0000021fc1101220 Exception <a 'java/lang/NoSuchMethodError'{0x00000000846e7c18}: static Lorg/gradle/internal/build/event/types/AbstractResult;.<clinit>()V> (0x00000000846e7c18) 
thrown [s\src\hotspot\share\prims\jni.cpp, line 1127]
Event: 21.822 Thread 0x0000021fc1101220 Exception <a 'java/lang/NoSuchMethodError'{0x0000000084500dd8}: static Lorg/gradle/internal/build/event/types/DefaultPluginApplicationResult;.<clinit>()V> (0x0000000084500dd8) 
thrown [s\src\hotspot\share\prims\jni.cpp, line 1127]
Event: 21.822 Thread 0x0000021fc1101220 Exception <a 'java/lang/NoSuchMethodError'{0x000000008450d9b8}: static Lorg/gradle/internal/build/event/types/DefaultBinaryPluginIdentifier;.<clinit>()V> (0x000000008450d9b8) 
thrown [s\src\hotspot\share\prims\jni.cpp, line 1127]
Event: 21.825 Thread 0x0000021fc1101220 Exception <a 'java/lang/NoSuchMethodError'{0x0000000084552798}: static Lorg/gradle/internal/build/event/types/DefaultScriptPluginIdentifier;.<clinit>()V> (0x0000000084552798) 
thrown [s\src\hotspot\share\prims\jni.cpp, line 1127]
Event: 21.900 Thread 0x0000021fc1103fb0 Implicit null exception at 0x0000021fadeb2912 to 0x0000021fadeb2fec
Event: 22.106 Thread 0x0000021fc1103fb0 Exception <a 'java/lang/NoSuchMethodError'{0x0000000084a579c8}: 'void java.lang.invoke.Invokers$Holder.invoke_MT(java.lang.Object, java.lang.Object, java.lang.Object, java.lang.Object)'> (0x0000000084a579c8) 
thrown [s\src\hotspot\share\interpreter\linkResolver.cpp, line 771]
Event: 22.113 Thread 0x0000021fc1103fb0 Exception <a 'java/lang/NoSuchMethodError'{0x0000000084ad59c8}: 'java.lang.Object java.lang.invoke.DirectMethodHandle$Holder.invokeSpecial(java.lang.Object, java.lang.Object, java.lang.Object, int, java.lang.Object, java.lang.Object)'> (0x0000000084ad59c8) 
thrown [s\src\hotspot\share\interpreter\linkResolver.cpp, line 771]
Event: 22.404 Thread 0x0000021fc1103fb0 Exception <a 'java/lang/ClassNotFoundException'{0x000000008402c988}: sun/misc/SharedSecrets> (0x000000008402c988) 
thrown [s\src\hotspot\share\classfile\systemDictionary.cpp, line 256]
Event: 22.404 Thread 0x0000021fc1103fb0 Exception <a 'java/lang/ClassNotFoundException'{0x000000008402df60}: org/gradle/api/internal/plugins/DefaultObjectConfigurationActionBeanInfo> (0x000000008402df60) 
thrown [s\src\hotspot\share\classfile\systemDictionary.cpp, line 256]
Event: 22.406 Thread 0x0000021fc1103fb0 Exception <a 'java/lang/ClassNotFoundException'{0x0000000084044510}: org/gradle/api/internal/plugins/DefaultObjectConfigurationActionCustomizer> (0x0000000084044510) 
thrown [s\src\hotspot\share\classfile\systemDictionary.cpp, line 256]
Event: 29.128 Thread 0x0000021fc1103fb0 Implicit null exception at 0x0000021fae01708c to 0x0000021fae0171c2
Event: 29.312 Thread 0x0000021fc1103fb0 Implicit null exception at 0x0000021fae1979ca to 0x0000021fae19820e
Event: 29.359 Thread 0x0000021fc1103fb0 Exception <a 'sun/nio/fs/WindowsException'{0x00000000867c87b8}> (0x00000000867c87b8) 
thrown [s\src\hotspot\share\prims\jni.cpp, line 531]

VM Operations (20 events):
Event: 22.650 Executing VM operation: G1PauseCleanup
Event: 22.650 Executing VM operation: G1PauseCleanup done
Event: 22.749 Executing VM operation: G1CollectForAllocation
Event: 22.751 Executing VM operation: G1CollectForAllocation done
Event: 22.799 Executing VM operation: G1CollectForAllocation
Event: 22.801 Executing VM operation: G1CollectForAllocation done
Event: 23.807 Executing VM operation: Cleanup
Event: 23.807 Executing VM operation: Cleanup done
Event: 24.947 Executing VM operation: G1CollectForAllocation
Event: 24.952 Executing VM operation: G1CollectForAllocation done
Event: 26.959 Executing VM operation: Cleanup
Event: 26.959 Executing VM operation: Cleanup done
Event: 27.970 Executing VM operation: Cleanup
Event: 27.970 Executing VM operation: Cleanup done
Event: 28.699 Executing VM operation: G1CollectForAllocation
Event: 28.705 Executing VM operation: G1CollectForAllocation done
Event: 28.930 Executing VM operation: HandshakeAllThreads
Event: 28.930 Executing VM operation: HandshakeAllThreads done
Event: 29.182 Executing VM operation: HandshakeAllThreads
Event: 29.182 Executing VM operation: HandshakeAllThreads done

Events (20 events):
Event: 29.261 loading class java/security/interfaces/XECKey done
Event: 29.261 loading class sun/security/util/KeyUtil
Event: 29.262 loading class sun/security/util/KeyUtil done
Event: 29.262 loading class sun/security/util/Length
Event: 29.262 loading class sun/security/util/Length done
Event: 29.262 loading class javax/crypto/SecretKey
Event: 29.262 loading class javax/crypto/SecretKey done
Event: 29.263 loading class java/util/Base64
Event: 29.265 loading class java/util/Base64 done
Event: 29.265 loading class java/util/Base64$Decoder
Event: 29.265 loading class java/util/Base64$Decoder done
Event: 29.265 loading class java/util/Base64$Encoder
Event: 29.265 loading class java/util/Base64$Encoder done
Event: 29.266 loading class java/util/jar/JarVerifier$VerifierStream
Event: 29.267 loading class java/util/jar/JarVerifier$VerifierStream done
Event: 29.267 loading class sun/security/util/ManifestEntryVerifier$SunProviderHolder
Event: 29.267 loading class sun/security/util/ManifestEntryVerifier$SunProviderHolder done
Event: 29.331 Thread 0x0000021fc512a860 Thread added: 0x0000021fc512a860
Event: 29.355 loading class java/security/KeyStore$ProtectionParameter
Event: 29.356 loading class java/security/KeyStore$ProtectionParameter done


Dynamic libraries:
0x00007ff6984b0000 - 0x00007ff6984ba000 	C:\Program Files\Android\Android Studio\jbr\bin\java.exe
0x00007ffc2f210000 - 0x00007ffc2f427000 	C:\WINDOWS\SYSTEM32\ntdll.dll
0x00007ffc2dd60000 - 0x00007ffc2de24000 	C:\WINDOWS\System32\KERNEL32.DLL
0x00007ffc2cb70000 - 0x00007ffc2cf29000 	C:\WINDOWS\System32\KERNELBASE.dll
0x00007ffc2c8b0000 - 0x00007ffc2c9c1000 	C:\WINDOWS\System32\ucrtbase.dll
0x00007ffc22fc0000 - 0x00007ffc22fdb000 	C:\Program Files\Android\Android Studio\jbr\bin\VCRUNTIME140.dll
0x00007ffc184b0000 - 0x00007ffc184c7000 	C:\Program Files\Android\Android Studio\jbr\bin\jli.dll
0x00007ffc2d0f0000 - 0x00007ffc2d29e000 	C:\WINDOWS\System32\USER32.dll
0x00007ffc2cb40000 - 0x00007ffc2cb66000 	C:\WINDOWS\System32\win32u.dll
0x00007ffc14d70000 - 0x00007ffc15002000 	C:\WINDOWS\WinSxS\amd64_microsoft.windows.common-controls_6595b64144ccf1df_6.0.22621.4391_none_2715d37f73803e96\COMCTL32.dll
0x00007ffc2e3d0000 - 0x00007ffc2e3f9000 	C:\WINDOWS\System32\GDI32.dll
0x00007ffc2e0b0000 - 0x00007ffc2e157000 	C:\WINDOWS\System32\msvcrt.dll
0x00007ffc2c620000 - 0x00007ffc2c73b000 	C:\WINDOWS\System32\gdi32full.dll
0x00007ffc2c580000 - 0x00007ffc2c61a000 	C:\WINDOWS\System32\msvcp_win.dll
0x00007ffc2da90000 - 0x00007ffc2dac1000 	C:\WINDOWS\System32\IMM32.DLL
0x00007ffc1ea20000 - 0x00007ffc1ea2c000 	C:\Program Files\Android\Android Studio\jbr\bin\vcruntime140_1.dll
0x00007ffc02070000 - 0x00007ffc020fd000 	C:\Program Files\Android\Android Studio\jbr\bin\msvcp140.dll
0x00007ffbd1c20000 - 0x00007ffbd28a3000 	C:\Program Files\Android\Android Studio\jbr\bin\server\jvm.dll
0x00007ffc2de90000 - 0x00007ffc2df42000 	C:\WINDOWS\System32\ADVAPI32.dll
0x00007ffc2e400000 - 0x00007ffc2e4a7000 	C:\WINDOWS\System32\sechost.dll
0x00007ffc2c740000 - 0x00007ffc2c768000 	C:\WINDOWS\System32\bcrypt.dll
0x00007ffc2dbc0000 - 0x00007ffc2dcd4000 	C:\WINDOWS\System32\RPCRT4.dll
0x00007ffc230b0000 - 0x00007ffc230b9000 	C:\WINDOWS\SYSTEM32\WSOCK32.dll
0x00007ffc28580000 - 0x00007ffc285b4000 	C:\WINDOWS\SYSTEM32\WINMM.dll
0x00007ffc2b360000 - 0x00007ffc2b3ad000 	C:\WINDOWS\SYSTEM32\POWRPROF.dll
0x00007ffc26400000 - 0x00007ffc2640a000 	C:\WINDOWS\SYSTEM32\VERSION.dll
0x00007ffc2dce0000 - 0x00007ffc2dd51000 	C:\WINDOWS\System32\WS2_32.dll
0x00007ffc2b340000 - 0x00007ffc2b353000 	C:\WINDOWS\SYSTEM32\UMPDC.dll
0x00007ffc2b610000 - 0x00007ffc2b628000 	C:\WINDOWS\SYSTEM32\kernel.appcore.dll
0x00007ffc21300000 - 0x00007ffc2130a000 	C:\Program Files\Android\Android Studio\jbr\bin\jimage.dll
0x00007ffc25cc0000 - 0x00007ffc25ef2000 	C:\WINDOWS\SYSTEM32\DBGHELP.DLL
0x00007ffc2d540000 - 0x00007ffc2d8cf000 	C:\WINDOWS\System32\combase.dll
0x00007ffc2d360000 - 0x00007ffc2d437000 	C:\WINDOWS\System32\OLEAUT32.dll
0x00007ffc0e460000 - 0x00007ffc0e492000 	C:\WINDOWS\SYSTEM32\dbgcore.DLL
0x00007ffc2c830000 - 0x00007ffc2c8ab000 	C:\WINDOWS\System32\bcryptPrimitives.dll
0x00007ffc184d0000 - 0x00007ffc184de000 	C:\Program Files\Android\Android Studio\jbr\bin\instrument.dll
0x00007ffc1e970000 - 0x00007ffc1e995000 	C:\Program Files\Android\Android Studio\jbr\bin\java.dll
0x00007ffc1e5b0000 - 0x00007ffc1e5c8000 	C:\Program Files\Android\Android Studio\jbr\bin\zip.dll
0x00007ffc2e950000 - 0x00007ffc2f1c6000 	C:\WINDOWS\System32\SHELL32.dll
0x00007ffc2a410000 - 0x00007ffc2ad13000 	C:\WINDOWS\SYSTEM32\windows.storage.dll
0x00007ffc2a2d0000 - 0x00007ffc2a40f000 	C:\WINDOWS\SYSTEM32\wintypes.dll
0x00007ffc2d440000 - 0x00007ffc2d539000 	C:\WINDOWS\System32\SHCORE.dll
0x00007ffc2db60000 - 0x00007ffc2dbbe000 	C:\WINDOWS\System32\shlwapi.dll
0x00007ffc2c440000 - 0x00007ffc2c46b000 	C:\WINDOWS\SYSTEM32\profapi.dll
0x00007ffc1e4f0000 - 0x00007ffc1e509000 	C:\Program Files\Android\Android Studio\jbr\bin\net.dll
0x00007ffc28370000 - 0x00007ffc284a6000 	C:\WINDOWS\SYSTEM32\WINHTTP.dll
0x00007ffc2baa0000 - 0x00007ffc2bb09000 	C:\WINDOWS\system32\mswsock.dll
0x00007ffc1e4d0000 - 0x00007ffc1e4e6000 	C:\Program Files\Android\Android Studio\jbr\bin\nio.dll
0x00007ffc18540000 - 0x00007ffc18550000 	C:\Program Files\Android\Android Studio\jbr\bin\verify.dll
0x00007ffc1e8a0000 - 0x00007ffc1e8c7000 	C:\Users\MasaG\.gradle\native\c067742578af261105cb4f569cf0c3c89f3d7b1fecec35dd04571415982c5e48\windows-amd64\native-platform.dll
0x00007ffbf70e0000 - 0x00007ffbf7224000 	C:\Users\MasaG\.gradle\native\38dada09dfb8b06ba9b0570ebf7e218e3eb74d4ef43ca46872605cf95ebc2f47\windows-amd64\native-platform-file-events.dll
0x00007ffc1e5a0000 - 0x00007ffc1e5a9000 	C:\Program Files\Android\Android Studio\jbr\bin\management.dll
0x00007ffc1e440000 - 0x00007ffc1e44b000 	C:\Program Files\Android\Android Studio\jbr\bin\management_ext.dll
0x00007ffc2e1e0000 - 0x00007ffc2e1e8000 	C:\WINDOWS\System32\PSAPI.DLL
0x00007ffc2bd10000 - 0x00007ffc2bd2b000 	C:\WINDOWS\SYSTEM32\CRYPTSP.dll
0x00007ffc2b570000 - 0x00007ffc2b5a5000 	C:\WINDOWS\system32\rsaenh.dll
0x00007ffc2bbb0000 - 0x00007ffc2bbd8000 	C:\WINDOWS\SYSTEM32\USERENV.dll
0x00007ffc2bd30000 - 0x00007ffc2bd3c000 	C:\WINDOWS\SYSTEM32\CRYPTBASE.dll
0x00007ffc2aff0000 - 0x00007ffc2b01d000 	C:\WINDOWS\SYSTEM32\IPHLPAPI.DLL
0x00007ffc2d030000 - 0x00007ffc2d039000 	C:\WINDOWS\System32\NSI.dll
0x00007ffc28860000 - 0x00007ffc28879000 	C:\WINDOWS\SYSTEM32\dhcpcsvc6.DLL
0x00007ffc28840000 - 0x00007ffc2885f000 	C:\WINDOWS\SYSTEM32\dhcpcsvc.DLL
0x00007ffc2b020000 - 0x00007ffc2b122000 	C:\WINDOWS\SYSTEM32\DNSAPI.dll
0x00007ffc23010000 - 0x00007ffc23019000 	C:\Program Files\Android\Android Studio\jbr\bin\extnet.dll
0x00007ffc170e0000 - 0x00007ffc170e8000 	C:\WINDOWS\system32\wshunix.dll

dbghelp: loaded successfully - version: 4.0.5 - missing functions: none
symbol engine: initialized successfully - sym options: 0x614 - pdb path: .;C:\Program Files\Android\Android Studio\jbr\bin;C:\WINDOWS\SYSTEM32;C:\WINDOWS\WinSxS\amd64_microsoft.windows.common-controls_6595b64144ccf1df_6.0.22621.4391_none_2715d37f73803e96;C:\Program Files\Android\Android Studio\jbr\bin\server;C:\Users\MasaG\.gradle\native\c067742578af261105cb4f569cf0c3c89f3d7b1fecec35dd04571415982c5e48\windows-amd64;C:\Users\MasaG\.gradle\native\38dada09dfb8b06ba9b0570ebf7e218e3eb74d4ef43ca46872605cf95ebc2f47\windows-amd64

VM Arguments:
jvm_args: --add-opens=java.base/java.util=ALL-UNNAMED --add-opens=java.base/java.lang=ALL-UNNAMED --add-opens=java.base/java.lang.invoke=ALL-UNNAMED --add-opens=java.prefs/java.util.prefs=ALL-UNNAMED --add-opens=java.base/java.nio.charset=ALL-UNNAMED --add-opens=java.base/java.net=ALL-UNNAMED --add-opens=java.base/java.util.concurrent.atomic=ALL-UNNAMED -Xmx2048m -Dfile.encoding=UTF-8 -Duser.country=CA -Duser.language=en -Duser.variant -javaagent:C:\Users\MasaG\.gradle\wrapper\dists\gradle-8.7-bin\bhs2wmbdwecv87pi65oeuq5iu\gradle-8.7\lib\agents\gradle-instrumentation-agent-8.7.jar 
java_command: org.gradle.launcher.daemon.bootstrap.GradleDaemon 8.7
java_class_path (initial): C:\Users\MasaG\.gradle\wrapper\dists\gradle-8.7-bin\bhs2wmbdwecv87pi65oeuq5iu\gradle-8.7\lib\gradle-launcher-8.7.jar
Launcher Type: SUN_STANDARD

[Global flags]
     intx CICompilerCount                          = 4                                         {product} {ergonomic}
     uint ConcGCThreads                            = 2                                         {product} {ergonomic}
     uint G1ConcRefinementThreads                  = 8                                         {product} {ergonomic}
   size_t G1HeapRegionSize                         = 1048576                                   {product} {ergonomic}
    uintx GCDrainStackTargetSize                   = 64                                        {product} {ergonomic}
   size_t InitialHeapSize                          = 132120576                                 {product} {ergonomic}
   size_t MarkStackSize                            = 4194304                                   {product} {ergonomic}
   size_t MaxHeapSize                              = 2147483648                                {product} {command line}
   size_t MaxNewSize                               = 1287651328                                {product} {ergonomic}
   size_t MinHeapDeltaBytes                        = 1048576                                   {product} {ergonomic}
   size_t MinHeapSize                              = 8388608                                   {product} {ergonomic}
    uintx NonNMethodCodeHeapSize                   = 5839372                                {pd product} {ergonomic}
    uintx NonProfiledCodeHeapSize                  = 122909434                              {pd product} {ergonomic}
    uintx ProfiledCodeHeapSize                     = 122909434                              {pd product} {ergonomic}
    uintx ReservedCodeCacheSize                    = 251658240                              {pd product} {ergonomic}
     bool SegmentedCodeCache                       = true                                      {product} {ergonomic}
   size_t SoftMaxHeapSize                          = 2147483648                             {manageable} {ergonomic}
     bool UseCompressedClassPointers               = true                           {product lp64_product} {ergonomic}
     bool UseCompressedOops                        = true                           {product lp64_product} {ergonomic}
     bool UseG1GC                                  = true                                      {product} {ergonomic}
     bool UseLargePagesIndividualAllocation        = false                                  {pd product} {ergonomic}

Logging:
Log output configuration:
 #0: stdout all=warning uptime,level,tags
 #1: stderr all=off uptime,level,tags

Environment Variables:
PATH=C:\Program Files\Common Files\Oracle\Java\javapath;C:\WINDOWS\system32;C:\WINDOWS;C:\WINDOWS\System32\Wbem;C:\WINDOWS\System32\WindowsPowerShell\v1.0\;C:\WINDOWS\System32\OpenSSH\;C:\Program Files\MATLAB\R2023b\bin;C:\Program Files\Git\cmd;C:\Program Files\Docker\Docker\resources\bin;C:\Users\MasaG\AppData\Local\Microsoft\WindowsApps;C:\Users\MasaG\AppData\Local\Programs\Microsoft VS Code\bin
USERNAME=MasaG
OS=Windows_NT
PROCESSOR_IDENTIFIER=Intel64 Family 6 Model 140 Stepping 1, GenuineIntel
TMP=C:\Users\MasaG\AppData\Local\Temp
TEMP=C:\Users\MasaG\AppData\Local\Temp



Periodic native trim disabled

JNI global refs:
JNI global refs: 26, weak refs: 0

JNI global refs memory usage: 843, weak refs: 841

Process memory usage:
Resident Set Size: 308488K (3% of 8218624K total physical memory with 414916K free physical memory)

OOME stack traces (most recent first):
Classloader memory used:
Loader org.gradle.internal.classloader.VisitableURLClassLoader                         : 3654K
Loader bootstrap                                                                       : 2699K
Loader org.gradle.initialization.MixInLegacyTypesClassLoader                           : 1215K
Loader org.gradle.internal.classloader.VisitableURLClassLoader$InstrumentingVisitableURLClassLoader: 848K
Loader jdk.internal.loader.ClassLoaders$PlatformClassLoader                            : 67453B
Loader jdk.internal.reflect.DelegatingClassLoader                                      : 30563B
Loader jdk.internal.loader.ClassLoaders$AppClassLoader                                 : 28764B
Loader org.gradle.internal.classloader.VisitableURLClassLoader                         : 19482B

Classes loaded by more than one classloader:
Class Program                                                                         : loaded 4 times (x 72B)
Class com.google.common.collect.Iterators$MergingIterator                             : loaded 2 times (x 79B)
Class org.objectweb.asm.ModuleVisitor                                                 : loaded 2 times (x 79B)
Class [Lcom.google.common.collect.AbstractMapEntry;                                   : loaded 2 times (x 67B)
Class com.google.common.collect.SingletonImmutableList                                : loaded 2 times (x 167B)
Class com.google.common.cache.CacheLoader$SupplierToCacheLoader                       : loaded 2 times (x 73B)
Class org.gradle.internal.classpath.ClassPath                                         : loaded 2 times (x 68B)
Class com.google.common.cache.RemovalListener                                         : loaded 2 times (x 68B)
Class org.gradle.api.internal.classpath.DefaultModuleRegistry                         : loaded 2 times (x 84B)
Class Settings_gradle$1$1                                                             : loaded 2 times (x 72B)
Class com.google.common.collect.ImmutableEnumSet                                      : loaded 2 times (x 144B)
Class com.google.common.collect.ListMultimap                                          : loaded 2 times (x 68B)
Class com.google.common.base.CharMatcher$JavaDigit                                    : loaded 2 times (x 109B)
Class com.google.common.base.CharMatcher$Digit                                        : loaded 2 times (x 110B)
Class com.google.common.collect.AbstractMultimap                                      : loaded 2 times (x 121B)
Class com.google.common.cache.CacheBuilder$OneWeigher                                 : loaded 2 times (x 80B)
Class org.gradle.api.Action                                                           : loaded 2 times (x 68B)
Class com.google.common.collect.ImmutableEntry                                        : loaded 2 times (x 80B)
Class com.google.common.collect.Lists$StringAsImmutableList                           : loaded 2 times (x 167B)
Class com.google.common.cache.LocalCache$StrongEntry                                  : loaded 2 times (x 106B)
Class org.objectweb.asm.FieldWriter                                                   : loaded 2 times (x 76B)
Class com.google.common.base.CharMatcher                                              : loaded 2 times (x 109B)
Class com.google.common.base.CharMatcher$IsNot                                        : loaded 2 times (x 109B)
Class com.google.common.base.Splitter                                                 : loaded 2 times (x 70B)
Class [Lcom.google.common.cache.Weigher;                                              : loaded 2 times (x 67B)
Class com.google.common.collect.Iterators$ArrayItr                                    : loaded 2 times (x 95B)
Class com.google.common.cache.LocalCache$Segment                                      : loaded 2 times (x 152B)
Class org.gradle.api.internal.DefaultClassPathProvider                                : loaded 2 times (x 74B)
Class org.gradle.internal.installation.GradleInstallation$1                           : loaded 2 times (x 73B)
Class com.google.common.cache.LocalCache$AbstractReferenceEntry                       : loaded 2 times (x 105B)
Class org.objectweb.asm.Type                                                          : loaded 2 times (x 70B)
Class com.google.common.util.concurrent.AbstractFuture$Failure                        : loaded 2 times (x 70B)
Class com.google.common.base.CharMatcher$BitSetMatcher                                : loaded 2 times (x 110B)
Class com.google.common.collect.ImmutableMap$IteratorBasedImmutableMap                : loaded 2 times (x 123B)
Class com.google.common.collect.ImmutableMap                                          : loaded 2 times (x 118B)
Class com.google.common.base.Converter                                                : loaded 2 times (x 88B)
Class com.google.common.collect.ImmutableSet$EmptySetBuilderImpl                      : loaded 2 times (x 74B)
Class com.google.common.base.Equivalence                                              : loaded 2 times (x 80B)
Class com.google.common.cache.LocalCache$EntryFactory$1                               : loaded 2 times (x 81B)
Class com.google.common.cache.LocalCache$EntryFactory$2                               : loaded 2 times (x 81B)
Class com.google.common.cache.LocalCache$EntryFactory$3                               : loaded 2 times (x 81B)
Class com.google.common.cache.LocalCache$EntryFactory$4                               : loaded 2 times (x 81B)
Class com.google.common.cache.LocalCache$EntryFactory$5                               : loaded 2 times (x 81B)
Class com.google.common.cache.LocalCache$EntryFactory$6                               : loaded 2 times (x 81B)
Class com.google.common.cache.LocalCache$EntryFactory$7                               : loaded 2 times (x 81B)
Class com.google.common.cache.LocalCache$EntryFactory$8                               : loaded 2 times (x 81B)
Class com.google.common.base.Predicate                                                : loaded 2 times (x 68B)
Class com.google.common.cache.LocalCache$StrongValueReference                         : loaded 2 times (x 88B)
Class org.gradle.internal.classloader.FilteringClassLoader                            : loaded 2 times (x 103B)
Class com.google.common.collect.RegularImmutableSet                                   : loaded 2 times (x 146B)
Class [Lcom.google.common.cache.LocalCache$Strength;                                  : loaded 2 times (x 67B)
Class org.gradle.internal.classpath.DefaultClassPath$ImmutableUniqueList$Builder      : loaded 2 times (x 73B)
Class com.google.common.collect.Maps$8                                                : loaded 2 times (x 80B)
Class [Lcom.google.common.cache.CacheBuilder$NullListener;                            : loaded 2 times (x 67B)
Class com.google.common.base.PatternCompiler                                          : loaded 2 times (x 68B)
Class com.google.common.base.CharMatcher$InRange                                      : loaded 2 times (x 109B)
Class com.google.common.collect.Sets$SetView                                          : loaded 2 times (x 136B)
Class com.google.common.collect.BiMap                                                 : loaded 2 times (x 68B)
Class com.google.common.collect.Lists                                                 : loaded 2 times (x 69B)
Class org.objectweb.asm.AnnotationWriter                                              : loaded 2 times (x 77B)
Class com.google.common.math.IntMath$1                                                : loaded 2 times (x 69B)
Class org.gradle.internal.classloader.ClassLoaderVisitor                              : loaded 2 times (x 74B)
Class org.objectweb.asm.Label                                                         : loaded 2 times (x 71B)
Class com.google.common.cache.CacheBuilder$NullListener                               : loaded 2 times (x 80B)
Class com.google.common.math.MathPreconditions                                        : loaded 2 times (x 69B)
Class org.gradle.internal.service.DefaultServiceLocator                               : loaded 2 times (x 81B)
Class org.gradle.internal.service.UnknownServiceException                             : loaded 2 times (x 81B)
Class com.google.common.util.concurrent.AbstractFuture$SynchronizedHelper             : loaded 2 times (x 76B)
Class com.google.common.collect.ArrayListMultimap                                     : loaded 2 times (x 170B)
Class com.google.common.base.Strings                                                  : loaded 2 times (x 69B)
Class com.google.common.cache.CacheLoader$InvalidCacheLoadException                   : loaded 2 times (x 80B)
Class org.gradle.internal.classloader.DefaultClassLoaderFactory                       : loaded 2 times (x 80B)
Class com.google.common.collect.UnmodifiableIterator                                  : loaded 2 times (x 78B)
Class com.google.common.base.Stopwatch                                                : loaded 2 times (x 70B)
Class com.google.common.base.Platform$JdkPatternCompiler                              : loaded 2 times (x 73B)
Class com.google.common.cache.LocalCache$LoadingValueReference                        : loaded 2 times (x 94B)
Class com.google.common.base.CharMatcher$SingleWidth                                  : loaded 2 times (x 110B)
Class com.google.common.collect.Hashing                                               : loaded 2 times (x 69B)
Class com.google.common.base.JdkPattern                                               : loaded 2 times (x 73B)
Class com.google.common.collect.Multimap                                              : loaded 2 times (x 68B)
Class com.google.common.base.FunctionalEquivalence                                    : loaded 2 times (x 81B)
Class org.objectweb.asm.AnnotationVisitor                                             : loaded 2 times (x 76B)
Class org.objectweb.asm.RecordComponentWriter                                         : loaded 2 times (x 76B)
Class com.google.common.cache.LocalCache$1                                            : loaded 2 times (x 87B)
Class com.google.common.cache.LocalCache$2                                            : loaded 2 times (x 140B)
Class com.google.common.collect.RegularImmutableBiMap                                 : loaded 2 times (x 146B)
Class org.gradle.internal.classloader.VisitableURLClassLoader$Spec                    : loaded 2 times (x 72B)
Class org.gradle.api.GradleException                                                  : loaded 2 times (x 80B)
Class com.google.common.base.CharMatcher$JavaLetterOrDigit                            : loaded 2 times (x 109B)
Class org.gradle.api.internal.classpath.ModuleRegistry                                : loaded 2 times (x 68B)
Class com.google.common.cache.CacheBuilder                                            : loaded 2 times (x 70B)
Class org.objectweb.asm.ByteVector                                                    : loaded 2 times (x 77B)
Class com.google.common.collect.ImmutableCollection                                   : loaded 2 times (x 123B)
Class com.google.common.base.PairwiseEquivalence                                      : loaded 2 times (x 81B)
Class com.google.common.base.Ticker                                                   : loaded 2 times (x 70B)
Class org.gradle.api.internal.ClassPathProvider                                       : loaded 2 times (x 68B)
Class com.google.common.collect.RegularImmutableMap$Values                            : loaded 2 times (x 167B)
Class org.objectweb.asm.ModuleWriter                                                  : loaded 2 times (x 80B)
Class org.gradle.internal.classloader.ClasspathUtil$1                                 : loaded 2 times (x 74B)
Class com.google.common.collect.ImmutableEnumMap                                      : loaded 2 times (x 123B)
Class com.google.common.collect.ImmutableList$ReverseImmutableList                    : loaded 2 times (x 168B)
Class com.google.common.cache.AbstractCache$StatsCounter                              : loaded 2 times (x 68B)
Class org.objectweb.asm.FieldVisitor                                                  : loaded 2 times (x 75B)
Class org.objectweb.asm.Symbol                                                        : loaded 2 times (x 71B)
Class com.google.common.cache.LocalCache$Strength$1                                   : loaded 2 times (x 79B)
Class com.google.common.cache.LocalCache$Strength$2                                   : loaded 2 times (x 79B)
Class com.google.common.cache.LocalCache$Strength$3                                   : loaded 2 times (x 79B)
Class org.gradle.internal.classloader.ClassLoaderFactory                              : loaded 2 times (x 68B)
Class com.google.common.collect.ObjectArrays                                          : loaded 2 times (x 69B)
Class com.google.common.util.concurrent.AbstractFuture$Waiter                         : loaded 2 times (x 70B)
Class com.google.common.util.concurrent.Uninterruptibles                              : loaded 2 times (x 69B)
Class com.google.common.collect.Iterators$10                                          : loaded 2 times (x 79B)
Class com.google.common.collect.ImmutableList                                         : loaded 2 times (x 166B)
Class org.gradle.api.internal.classpath.ManifestUtil                                  : loaded 2 times (x 69B)
Class org.gradle.api.specs.Spec                                                       : loaded 2 times (x 68B)
Class com.google.common.cache.CacheLoader$UnsupportedLoadingOperationException        : loaded 2 times (x 80B)
Class com.google.common.base.CharMatcher$Whitespace                                   : loaded 2 times (x 110B)
Class com.google.common.util.concurrent.ListenableFuture                              : loaded 2 times (x 68B)
Class com.google.common.collect.Iterators$1                                           : loaded 2 times (x 79B)
Class com.google.common.collect.Iterators$4                                           : loaded 2 times (x 80B)
Class com.google.common.collect.RegularImmutableMap$BucketOverflowException           : loaded 2 times (x 80B)
Class com.google.common.collect.Iterators$5                                           : loaded 2 times (x 80B)
Class com.google.common.util.concurrent.AbstractFuture$UnsafeAtomicHelper             : loaded 2 times (x 76B)
Class com.google.common.base.Equivalence$Equals                                       : loaded 2 times (x 80B)
Class com.google.common.base.Preconditions                                            : loaded 2 times (x 69B)
Class com.google.common.base.Function                                                 : loaded 2 times (x 68B)
Class com.google.common.collect.Iterators$9                                           : loaded 2 times (x 79B)
Class org.gradle.internal.IoActions                                                   : loaded 2 times (x 69B)
Class com.google.common.cache.ReferenceEntry                                          : loaded 2 times (x 68B)
Class com.google.common.collect.RegularImmutableMap$KeySet                            : loaded 2 times (x 148B)
Class com.google.common.collect.CollectPreconditions                                  : loaded 2 times (x 69B)
Class com.google.common.collect.Maps                                                  : loaded 2 times (x 69B)
Class com.google.common.collect.RegularImmutableMap                                   : loaded 2 times (x 119B)
Class com.google.common.collect.AbstractIndexedListIterator                           : loaded 2 times (x 94B)
Class com.google.common.base.CharMatcher$None                                         : loaded 2 times (x 110B)
Class org.gradle.api.internal.classpath.EffectiveClassPath                            : loaded 2 times (x 88B)
Class com.google.common.collect.UnmodifiableListIterator                              : loaded 2 times (x 93B)
Class com.google.common.cache.CacheLoader$FunctionToCacheLoader                       : loaded 2 times (x 73B)
Class com.google.common.cache.CacheBuilder$1                                          : loaded 2 times (x 83B)
Class com.google.common.cache.CacheBuilder$2                                          : loaded 2 times (x 70B)
Class com.google.common.collect.ImmutableList$1                                       : loaded 2 times (x 95B)
Class com.google.common.base.Splitter$Strategy                                        : loaded 2 times (x 68B)
Class com.google.common.collect.ImmutableMapEntrySet$RegularEntrySet                  : loaded 2 times (x 149B)
Class [Lcom.google.common.cache.RemovalListener;                                      : loaded 2 times (x 67B)
Class [Lcom.google.common.collect.ImmutableMapEntry;                                  : loaded 2 times (x 67B)
Class org.gradle.internal.installation.CurrentGradleInstallation                      : loaded 2 times (x 71B)
Class org.gradle.internal.agents.InstrumentingClassLoader                             : loaded 2 times (x 68B)
Class org.gradle.internal.installation.CurrentGradleInstallationLocator               : loaded 2 times (x 69B)
Class [Lcom.google.common.cache.LocalCache$Segment;                                   : loaded 2 times (x 67B)
Class org.gradle.api.internal.classpath.Module                                        : loaded 2 times (x 68B)
Class com.google.common.base.Splitter$1$1                                             : loaded 2 times (x 84B)
Class com.google.common.collect.ImmutableSet$JdkBackedSetBuilderImpl                  : loaded 2 times (x 74B)
Class com.google.common.collect.ImmutableSet$RegularSetBuilderImpl                    : loaded 2 times (x 75B)
Class org.gradle.internal.service.CachingServiceLocator                               : loaded 2 times (x 80B)
Class [Lcom.google.common.collect.ImmutableEntry;                                     : loaded 2 times (x 67B)
Class org.gradle.internal.classpath.DefaultClassPath                                  : loaded 2 times (x 88B)
Class com.google.common.util.concurrent.AbstractFuture$SetFuture                      : loaded 2 times (x 73B)
Class com.google.common.base.Splitter$SplittingIterator                               : loaded 2 times (x 82B)
Class com.google.common.cache.LocalCache$LocalManualCache$1                           : loaded 2 times (x 73B)
Class Build_gradle$1                                                                  : loaded 2 times (x 76B)
Class org.objectweb.asm.SymbolTable$Entry                                             : loaded 2 times (x 72B)
Class [Lcom.google.common.cache.LocalCache$EntryFactory;                              : loaded 2 times (x 67B)
Class com.google.common.base.CharMatcher$Is                                           : loaded 2 times (x 109B)
Class com.google.common.base.Platform                                                 : loaded 2 times (x 69B)
Class com.google.common.collect.RegularImmutableAsList                                : loaded 2 times (x 176B)
Class com.google.common.collect.PeekingIterator                                       : loaded 2 times (x 68B)
Class com.google.common.collect.ImmutableMapEntrySet                                  : loaded 2 times (x 149B)
Class com.google.common.cache.CacheLoader                                             : loaded 2 times (x 72B)
Class com.google.common.collect.ImmutableBiMapFauxverideShim                          : loaded 2 times (x 118B)
Class org.objectweb.asm.MethodTooLargeException                                       : loaded 2 times (x 81B)
Class com.google.common.cache.Cache                                                   : loaded 2 times (x 68B)
Class org.gradle.internal.classloader.SystemClassLoaderSpec                           : loaded 2 times (x 69B)
Class com.google.common.util.concurrent.internal.InternalFutureFailureAccess          : loaded 2 times (x 70B)
Class com.google.common.collect.SingletonImmutableSet                                 : loaded 2 times (x 144B)
Class [Lcom.google.common.base.AbstractIterator$State;                                : loaded 2 times (x 67B)
Class com.google.common.collect.ImmutableMap$Builder                                  : loaded 2 times (x 80B)
Class com.google.common.base.AbstractIterator                                         : loaded 2 times (x 78B)
Class org.objectweb.asm.ClassWriter                                                   : loaded 2 times (x 104B)
Class com.google.common.base.AbstractIterator$1                                       : loaded 2 times (x 69B)
Class [Lcom.google.common.cache.CacheBuilder$OneWeigher;                              : loaded 2 times (x 67B)
Class com.google.common.collect.Iterators                                             : loaded 2 times (x 69B)
Class com.google.common.base.CharMatcher$1                                            : loaded 2 times (x 111B)
Class com.google.common.base.CharMatcher$Ascii                                        : loaded 2 times (x 110B)
Class com.google.common.cache.LocalCache$ComputingValueReference                      : loaded 2 times (x 94B)
Class org.gradle.api.UncheckedIOException                                             : loaded 2 times (x 80B)
Class com.google.common.base.CharMatcher$And                                          : loaded 2 times (x 110B)
Class com.google.common.collect.IndexedImmutableSet                                   : loaded 2 times (x 148B)
Class com.google.common.collect.AbstractListMultimap                                  : loaded 2 times (x 170B)
Class com.google.common.base.CharMatcher$Any                                          : loaded 2 times (x 110B)
Class org.gradle.internal.installation.GradleInstallation                             : loaded 2 times (x 73B)
Class com.google.common.cache.LocalCache$Strength                                     : loaded 2 times (x 79B)
Class com.google.common.collect.ArrayListMultimapGwtSerializationDependencies         : loaded 2 times (x 170B)
Class com.google.common.base.CharMatcher$RangesMatcher                                : loaded 2 times (x 110B)
Class org.objectweb.asm.Handler                                                       : loaded 2 times (x 70B)
Class com.google.common.collect.ImmutableList$SubList                                 : loaded 2 times (x 168B)
Class com.google.common.cache.LocalCache$ValueReference                               : loaded 2 times (x 68B)
Class org.gradle.internal.classloader.ClasspathUtil                                   : loaded 2 times (x 69B)
Class org.objectweb.asm.CurrentFrame                                                  : loaded 2 times (x 71B)
Class com.google.common.util.concurrent.AbstractFuture                                : loaded 2 times (x 93B)
Class com.google.common.base.Splitter$1                                               : loaded 2 times (x 75B)
Class com.google.common.base.Ticker$1                                                 : loaded 2 times (x 70B)
Class com.google.common.collect.Maps$BiMapConverter                                   : loaded 2 times (x 88B)
Class org.gradle.api.internal.DefaultClassPathRegistry                                : loaded 2 times (x 74B)
Class com.google.common.util.concurrent.AbstractFuture$Cancellation                   : loaded 2 times (x 70B)
Class [Lorg.objectweb.asm.Symbol;                                                     : loaded 2 times (x 67B)
Class com.google.common.collect.ImmutableSet$SetBuilderImpl                           : loaded 2 times (x 74B)
Class org.gradle.api.internal.classpath.DefaultModuleRegistry$DefaultModule           : loaded 2 times (x 84B)
Class com.google.common.base.CharMatcher$JavaIsoControl                               : loaded 2 times (x 110B)
Class com.google.common.collect.ImmutableMap$1                                        : loaded 2 times (x 79B)
Class com.google.common.base.CharMatcher$Or                                           : loaded 2 times (x 110B)
Class org.gradle.kotlin.dsl.VersionCatalogAccessorsKt                                 : loaded 2 times (x 69B)
Class com.google.common.base.Suppliers$SupplierOfInstance                             : loaded 2 times (x 77B)
Class org.objectweb.asm.RecordComponentVisitor                                        : loaded 2 times (x 75B)
Class com.google.common.collect.Iterables                                             : loaded 2 times (x 69B)
Class com.google.common.base.CharMatcher$JavaLowerCase                                : loaded 2 times (x 109B)
Class org.objectweb.asm.ClassTooLargeException                                        : loaded 2 times (x 81B)
Class org.gradle.api.internal.classpath.UnknownModuleException                        : loaded 2 times (x 80B)
Class com.google.common.util.concurrent.AbstractFuture$Listener                       : loaded 2 times (x 70B)
Class org.objectweb.asm.Edge                                                          : loaded 2 times (x 70B)
Class com.google.common.collect.Maps$EntryTransformer                                 : loaded 2 times (x 68B)
Class com.google.common.collect.ImmutableCollection$Builder                           : loaded 2 times (x 74B)
Class [Lorg.objectweb.asm.SymbolTable$Entry;                                          : loaded 2 times (x 67B)
Class com.google.common.collect.SingletonImmutableBiMap                               : loaded 2 times (x 141B)
Class com.google.common.base.CommonPattern                                            : loaded 2 times (x 72B)
Class com.google.common.base.Suppliers                                                : loaded 2 times (x 69B)
Class org.objectweb.asm.ClassVisitor                                                  : loaded 2 times (x 86B)
Class com.google.common.cache.LoadingCache                                            : loaded 2 times (x 68B)
Class org.gradle.internal.service.ServiceLookupException                              : loaded 2 times (x 80B)
Class org.gradle.cache.GlobalCache                                                    : loaded 2 times (x 68B)
Class com.google.common.base.CharMatcher$NegatedFastMatcher                           : loaded 2 times (x 111B)
Class [Lorg.gradle.api.internal.ClassPathProvider;                                    : loaded 2 times (x 67B)
Class com.google.common.util.concurrent.AbstractFuture$SafeAtomicHelper               : loaded 2 times (x 77B)
Class org.gradle.util.internal.GUtil                                                  : loaded 2 times (x 69B)
Class com.google.common.math.IntMath                                                  : loaded 2 times (x 69B)
Class com.google.common.collect.AbstractIterator                                      : loaded 2 times (x 80B)
Class org.gradle.internal.classloader.ClassLoaderSpec                                 : loaded 2 times (x 69B)
Class com.google.common.base.NullnessCasts                                            : loaded 2 times (x 69B)
Class org.objectweb.asm.Frame                                                         : loaded 2 times (x 71B)
Class com.google.common.cache.LocalCache$LocalManualCache                             : loaded 2 times (x 97B)
Class com.google.common.collect.AbstractMapEntry                                      : loaded 2 times (x 79B)
Class com.google.common.base.CharMatcher$Negated                                      : loaded 2 times (x 111B)
Class com.google.common.cache.CacheLoader$1                                           : loaded 2 times (x 73B)
Class com.google.common.util.concurrent.AbstractFuture$TrustedFuture                  : loaded 2 times (x 95B)
Class com.google.common.collect.Sets                                                  : loaded 2 times (x 69B)
Class com.google.common.collect.ImmutableSet$Builder                                  : loaded 2 times (x 83B)
Class com.google.common.base.CharMatcher$ForPredicate                                 : loaded 2 times (x 110B)
Class com.google.common.collect.ImmutableMap$MapViewOfValuesAsSingletonSets           : loaded 2 times (x 123B)
Class com.google.common.base.MoreObjects                                              : loaded 2 times (x 69B)
Class com.google.common.collect.SortedMapDifference                                   : loaded 2 times (x 68B)
Class org.objectweb.asm.SymbolTable                                                   : loaded 2 times (x 70B)
Class com.google.common.cache.CacheStats                                              : loaded 2 times (x 69B)
Class org.objectweb.asm.Attribute                                                     : loaded 2 times (x 75B)
Class org.gradle.internal.classloader.VisitableURLClassLoader                         : loaded 2 times (x 115B)
Class com.google.common.cache.LocalCache$LocalLoadingCache                            : loaded 2 times (x 132B)
Class com.google.common.base.Supplier                                                 : loaded 2 times (x 68B)
Class com.google.common.util.concurrent.AbstractFuture$AtomicHelper                   : loaded 2 times (x 76B)
Class com.google.common.collect.ImmutableBiMap                                        : loaded 2 times (x 141B)
Class org.gradle.internal.Cast                                                        : loaded 2 times (x 69B)
Class Build_gradle                                                                    : loaded 2 times (x 70B)
Class org.gradle.api.internal.ClassPathRegistry                                       : loaded 2 times (x 68B)
Class com.google.common.cache.LocalCache$EntryFactory                                 : loaded 2 times (x 81B)
Class com.google.common.util.concurrent.UncheckedExecutionException                   : loaded 2 times (x 80B)
Class com.google.common.collect.ImmutableSet                                          : loaded 2 times (x 143B)
Class org.gradle.internal.classloader.VisitableURLClassLoader$InstrumentingVisitableURLClassLoader: loaded 2 times (x 121B)
Class org.gradle.internal.classloader.ClassLoaderHierarchy                            : loaded 2 times (x 68B)
Class [Lorg.objectweb.asm.Type;                                                       : loaded 2 times (x 67B)
Class com.google.common.base.AbstractIterator$State                                   : loaded 2 times (x 77B)
Class com.google.common.cache.Weigher                                                 : loaded 2 times (x 68B)
Class com.google.common.base.CharMatcher$NamedFastMatcher                             : loaded 2 times (x 110B)
Class org.gradle.internal.InternalTransformer                                         : loaded 2 times (x 68B)
Class org.gradle.internal.service.ServiceLocator                                      : loaded 2 times (x 68B)
Class Settings_gradle$1                                                               : loaded 2 times (x 72B)
Class com.google.common.util.concurrent.SettableFuture                                : loaded 2 times (x 95B)
Class com.google.common.collect.ImmutableMapEntry                                     : loaded 2 times (x 83B)
Class com.google.common.base.CharMatcher$Invisible                                    : loaded 2 times (x 110B)
Class com.google.common.base.CharMatcher$FastMatcher                                  : loaded 2 times (x 109B)
Class org.gradle.internal.classpath.DefaultClassPath$ImmutableUniqueList              : loaded 2 times (x 159B)
Class com.google.common.base.CharMatcher$JavaLetter                                   : loaded 2 times (x 109B)
Class org.gradle.internal.classpath.TransformedClassPath                              : loaded 2 times (x 94B)
Class com.google.common.collect.MapDifference                                         : loaded 2 times (x 68B)
Class com.google.common.collect.Sets$1                                                : loaded 2 times (x 137B)
Class com.google.common.collect.Sets$2                                                : loaded 2 times (x 137B)
Class com.google.common.util.concurrent.AbstractFuture$Trusted                        : loaded 2 times (x 68B)
Class com.google.common.collect.Sets$3                                                : loaded 2 times (x 137B)
Class com.google.common.collect.Sets$4                                                : loaded 2 times (x 137B)
Class Settings_gradle                                                                 : loaded 2 times (x 126B)
Class org.objectweb.asm.MethodWriter                                                  : loaded 2 times (x 104B)
Class com.google.common.collect.Platform                                              : loaded 2 times (x 69B)
Class com.google.common.collect.ImmutableAsList                                       : loaded 2 times (x 169B)
Class com.google.common.util.concurrent.ExecutionError                                : loaded 2 times (x 80B)
Class com.google.common.base.Equivalence$Identity                                     : loaded 2 times (x 80B)
Class com.google.common.base.CharMatcher$AnyOf                                        : loaded 2 times (x 110B)
Class com.google.common.base.CharMatcher$IsEither                                     : loaded 2 times (x 109B)
Class com.google.common.cache.LocalCache                                              : loaded 2 times (x 185B)
Class com.google.common.collect.RegularImmutableList                                  : loaded 2 times (x 172B)
Class com.google.common.util.concurrent.AbstractFuture$UnsafeAtomicHelper$1           : loaded 2 times (x 74B)
Class com.google.common.base.CharMatcher$JavaUpperCase                                : loaded 2 times (x 109B)
Class com.google.common.collect.Multiset                                              : loaded 2 times (x 68B)
Class com.google.common.collect.ImmutableSet$CachingAsList                            : loaded 2 times (x 145B)
Class org.objectweb.asm.MethodVisitor                                                 : loaded 2 times (x 103B)
Class com.google.common.collect.ImmutableMapEntry$NonTerminalImmutableMapEntry        : loaded 2 times (x 83B)
Class com.google.common.collect.AbstractMapBasedMultimap                              : loaded 2 times (x 137B)


---------------  S Y S T E M  ---------------

OS:
 Windows 11 , 64 bit Build 22621 (10.0.22621.4391)
OS uptime: 16 days 11:44 hours
Hyper-V role detected

CPU: total 8 (initial active 8) (4 cores per cpu, 2 threads per core) family 6 model 140 stepping 1 microcode 0xb8, cx8, cmov, fxsr, ht, mmx, 3dnowpref, sse, sse2, sse3, ssse3, sse4.1, sse4.2, popcnt, lzcnt, tsc, tscinvbit, avx, avx2, aes, erms, clmul, bmi1, bmi2, adx, avx512f, avx512dq, avx512cd, avx512bw, avx512vl, sha, fma, vzeroupper, avx512_vpopcntdq, avx512_vpclmulqdq, avx512_vaes, avx512_vnni, clflush, clflushopt, clwb, avx512_vbmi2, avx512_vbmi, hv
Processor Information for all 8 processors :
  Max Mhz: 2419, Current Mhz: 2419, Mhz Limit: 2419

Memory: 4k page, system-wide physical 8026M (400M free)
TotalPageFile size 23125M (AvailPageFile size 6M)
current process WorkingSet (physical memory assigned to process): 301M, peak: 301M
current process commit charge ("private bytes"): 341M, peak: 343M

vm_info: OpenJDK 64-Bit Server VM (17.0.11+0--11852314) for windows-amd64 JRE (17.0.11+0--11852314), built on May 16 2024 21:29:20 by "androidbuild" with MS VC++ 16.10 / 16.11 (VS2019)

END.
